The target system is: Linux -  - armv7-a
The host system is: Linux - 6.5.0-35-generic - x86_64
Compiling the C compiler identification source file "CMakeCCompilerId.c" succeeded.
Compiler: /opt/amlogic/gcc-linaro-6.3.1-2017.05-x86_64_arm-linux-gnueabi/bin/arm-linux-gnueabi-gcc 
Build flags: 
Id flags:  

The output was:
0


Compilation of the C compiler identification source "CMakeCCompilerId.c" produced "a.out"

The C compiler identification is GNU, found in "/home/jhwang/PROJECT/Netgeer/mine/rockchip_app/mpp/temp/CMakeFiles/3.22.1/CompilerIdC/a.out"

Compiling the CXX compiler identification source file "CMakeCXXCompilerId.cpp" succeeded.
Compiler: /opt/amlogic/gcc-linaro-6.3.1-2017.05-x86_64_arm-linux-gnueabi/bin/arm-linux-gnueabi-g++ 
Build flags: 
Id flags:  

The output was:
0


Compilation of the CXX compiler identification source "CMakeCXXCompilerId.cpp" produced "a.out"

The CXX compiler identification is GNU, found in "/home/jhwang/PROJECT/Netgeer/mine/rockchip_app/mpp/temp/CMakeFiles/3.22.1/CompilerIdCXX/a.out"

Detecting C compiler ABI info compiled with the following output:
Change Dir: /home/jhwang/PROJECT/Netgeer/mine/rockchip_app/mpp/temp/CMakeFiles/CMakeTmp

Run Build Command(s):/usr/bin/gmake -f Makefile cmTC_704f2/fast && /usr/bin/gmake  -f CMakeFiles/cmTC_704f2.dir/build.make CMakeFiles/cmTC_704f2.dir/build
gmake[1]: Entering directory '/home/jhwang/PROJECT/Netgeer/mine/rockchip_app/mpp/temp/CMakeFiles/CMakeTmp'
Building C object CMakeFiles/cmTC_704f2.dir/CMakeCCompilerABI.c.o
/opt/amlogic/gcc-linaro-6.3.1-2017.05-x86_64_arm-linux-gnueabi/bin/arm-linux-gnueabi-gcc   -v -o CMakeFiles/cmTC_704f2.dir/CMakeCCompilerABI.c.o -c /usr/share/cmake-3.22/Modules/CMakeCCompilerABI.c
Using built-in specs.
COLLECT_GCC=/opt/amlogic/gcc-linaro-6.3.1-2017.05-x86_64_arm-linux-gnueabi/bin/arm-linux-gnueabi-gcc
Target: arm-linux-gnueabi
Configured with: '/home/tcwg-buildslave/workspace/tcwg-make-release/builder_arch/amd64/label/tcwg-x86_64-build/target/arm-linux-gnueabi/snapshots/gcc.git~linaro-6.3-2017.05/configure' SHELL=/bin/bash --with-mpc=/home/tcwg-buildslave/workspace/tcwg-make-release/builder_arch/amd64/label/tcwg-x86_64-build/target/arm-linux-gnueabi/_build/builds/destdir/x86_64-unknown-linux-gnu --with-mpfr=/home/tcwg-buildslave/workspace/tcwg-make-release/builder_arch/amd64/label/tcwg-x86_64-build/target/arm-linux-gnueabi/_build/builds/destdir/x86_64-unknown-linux-gnu --with-gmp=/home/tcwg-buildslave/workspace/tcwg-make-release/builder_arch/amd64/label/tcwg-x86_64-build/target/arm-linux-gnueabi/_build/builds/destdir/x86_64-unknown-linux-gnu --with-gnu-as --with-gnu-ld --disable-libmudflap --enable-lto --enable-shared --without-included-gettext --enable-nls --disable-sjlj-exceptions --enable-gnu-unique-object --enable-linker-build-id --disable-libstdcxx-pch --enable-c99 --enable-clocale=gnu --enable-libstdcxx-debug --enable-long-long --with-cloog=no --with-ppl=no --with-isl=no --disable-multilib --with-float=soft --with-mode=thumb --with-tune=cortex-a9 --with-arch=armv7-a --enable-threads=posix --enable-multiarch --enable-libstdcxx-time=yes --enable-gnu-indirect-function --with-build-sysroot=/home/tcwg-buildslave/workspace/tcwg-make-release/builder_arch/amd64/label/tcwg-x86_64-build/target/arm-linux-gnueabi/_build/sysroots/arm-linux-gnueabi --with-sysroot=/home/tcwg-buildslave/workspace/tcwg-make-release/builder_arch/amd64/label/tcwg-x86_64-build/target/arm-linux-gnueabi/_build/builds/destdir/x86_64-unknown-linux-gnu/arm-linux-gnueabi/libc --enable-checking=release --disable-bootstrap --enable-languages=c,c++,fortran,lto --build=x86_64-unknown-linux-gnu --host=x86_64-unknown-linux-gnu --target=arm-linux-gnueabi --prefix=/home/tcwg-buildslave/workspace/tcwg-make-release/builder_arch/amd64/label/tcwg-x86_64-build/target/arm-linux-gnueabi/_build/builds/destdir/x86_64-unknown-linux-gnu
Thread model: posix
gcc version 6.3.1 20170404 (Linaro GCC 6.3-2017.05) 
COLLECT_GCC_OPTIONS='-v' '-o' 'CMakeFiles/cmTC_704f2.dir/CMakeCCompilerABI.c.o' '-c' '-march=armv7-a' '-mtune=cortex-a9' '-mfloat-abi=soft' '-mthumb' '-mtls-dialect=gnu'
 /opt/amlogic/gcc-linaro-6.3.1-2017.05-x86_64_arm-linux-gnueabi/bin/../libexec/gcc/arm-linux-gnueabi/6.3.1/cc1 -quiet -v -imultilib . -imultiarch arm-linux-gnueabi -iprefix /opt/amlogic/gcc-linaro-6.3.1-2017.05-x86_64_arm-linux-gnueabi/bin/../lib/gcc/arm-linux-gnueabi/6.3.1/ -isysroot /opt/amlogic/gcc-linaro-6.3.1-2017.05-x86_64_arm-linux-gnueabi/bin/../arm-linux-gnueabi/libc /usr/share/cmake-3.22/Modules/CMakeCCompilerABI.c -quiet -dumpbase CMakeCCompilerABI.c -march=armv7-a -mtune=cortex-a9 -mfloat-abi=soft -mthumb -mtls-dialect=gnu -auxbase-strip CMakeFiles/cmTC_704f2.dir/CMakeCCompilerABI.c.o -version -o /tmp/cc8fEcBe.s
GNU C11 (Linaro GCC 6.3-2017.05) version 6.3.1 20170404 (arm-linux-gnueabi)
	compiled by GNU C version 4.8.4, GMP version 6.1.0, MPFR version 3.1.4, MPC version 1.0.3, isl version none
GGC heuristics: --param ggc-min-expand=100 --param ggc-min-heapsize=131072
ignoring duplicate directory "/opt/amlogic/gcc-linaro-6.3.1-2017.05-x86_64_arm-linux-gnueabi/bin/../lib/gcc/../../lib/gcc/arm-linux-gnueabi/6.3.1/include"
ignoring nonexistent directory "/opt/amlogic/gcc-linaro-6.3.1-2017.05-x86_64_arm-linux-gnueabi/bin/../arm-linux-gnueabi/libc/usr/local/include/arm-linux-gnueabi"
ignoring nonexistent directory "/opt/amlogic/gcc-linaro-6.3.1-2017.05-x86_64_arm-linux-gnueabi/bin/../arm-linux-gnueabi/libc/usr/local/include"
ignoring duplicate directory "/opt/amlogic/gcc-linaro-6.3.1-2017.05-x86_64_arm-linux-gnueabi/bin/../lib/gcc/../../lib/gcc/arm-linux-gnueabi/6.3.1/include-fixed"
ignoring duplicate directory "/opt/amlogic/gcc-linaro-6.3.1-2017.05-x86_64_arm-linux-gnueabi/bin/../lib/gcc/../../lib/gcc/arm-linux-gnueabi/6.3.1/../../../../arm-linux-gnueabi/include"
ignoring nonexistent directory "/opt/amlogic/gcc-linaro-6.3.1-2017.05-x86_64_arm-linux-gnueabi/bin/../arm-linux-gnueabi/libc/usr/include/arm-linux-gnueabi"
#include "..." search starts here:
#include <...> search starts here:
 /opt/amlogic/gcc-linaro-6.3.1-2017.05-x86_64_arm-linux-gnueabi/bin/../lib/gcc/arm-linux-gnueabi/6.3.1/include
 /opt/amlogic/gcc-linaro-6.3.1-2017.05-x86_64_arm-linux-gnueabi/bin/../lib/gcc/arm-linux-gnueabi/6.3.1/include-fixed
 /opt/amlogic/gcc-linaro-6.3.1-2017.05-x86_64_arm-linux-gnueabi/bin/../lib/gcc/arm-linux-gnueabi/6.3.1/../../../../arm-linux-gnueabi/include
 /opt/amlogic/gcc-linaro-6.3.1-2017.05-x86_64_arm-linux-gnueabi/bin/../arm-linux-gnueabi/libc/usr/include
End of search list.
GNU C11 (Linaro GCC 6.3-2017.05) version 6.3.1 20170404 (arm-linux-gnueabi)
	compiled by GNU C version 4.8.4, GMP version 6.1.0, MPFR version 3.1.4, MPC version 1.0.3, isl version none
GGC heuristics: --param ggc-min-expand=100 --param ggc-min-heapsize=131072
Compiler executable checksum: 7c7fd663cef1651141acba2efdb52bc6
COLLECT_GCC_OPTIONS='-v' '-o' 'CMakeFiles/cmTC_704f2.dir/CMakeCCompilerABI.c.o' '-c' '-march=armv7-a' '-mtune=cortex-a9' '-mfloat-abi=soft' '-mthumb' '-mtls-dialect=gnu'
 /opt/amlogic/gcc-linaro-6.3.1-2017.05-x86_64_arm-linux-gnueabi/bin/../lib/gcc/arm-linux-gnueabi/6.3.1/../../../../arm-linux-gnueabi/bin/as -v -march=armv7-a -mfloat-abi=soft -meabi=5 -o CMakeFiles/cmTC_704f2.dir/CMakeCCompilerABI.c.o /tmp/cc8fEcBe.s
GNU assembler version 2.27.0 (arm-linux-gnueabi) using BFD version (Linaro_Binutils-2017.05) 2.27.0.20161019
COMPILER_PATH=/opt/amlogic/gcc-linaro-6.3.1-2017.05-x86_64_arm-linux-gnueabi/bin/../libexec/gcc/arm-linux-gnueabi/6.3.1/:/opt/amlogic/gcc-linaro-6.3.1-2017.05-x86_64_arm-linux-gnueabi/bin/../libexec/gcc/arm-linux-gnueabi/:/opt/amlogic/gcc-linaro-6.3.1-2017.05-x86_64_arm-linux-gnueabi/bin/../libexec/gcc/:/opt/amlogic/gcc-linaro-6.3.1-2017.05-x86_64_arm-linux-gnueabi/bin/../lib/gcc/arm-linux-gnueabi/6.3.1/../../../../arm-linux-gnueabi/bin/
LIBRARY_PATH=/opt/amlogic/gcc-linaro-6.3.1-2017.05-x86_64_arm-linux-gnueabi/bin/../lib/gcc/arm-linux-gnueabi/6.3.1/:/opt/amlogic/gcc-linaro-6.3.1-2017.05-x86_64_arm-linux-gnueabi/bin/../lib/gcc/arm-linux-gnueabi/:/opt/amlogic/gcc-linaro-6.3.1-2017.05-x86_64_arm-linux-gnueabi/bin/../lib/gcc/:/opt/amlogic/gcc-linaro-6.3.1-2017.05-x86_64_arm-linux-gnueabi/bin/../lib/gcc/arm-linux-gnueabi/6.3.1/../../../../arm-linux-gnueabi/lib/:/opt/amlogic/gcc-linaro-6.3.1-2017.05-x86_64_arm-linux-gnueabi/bin/../arm-linux-gnueabi/libc/lib/:/opt/amlogic/gcc-linaro-6.3.1-2017.05-x86_64_arm-linux-gnueabi/bin/../arm-linux-gnueabi/libc/usr/lib/
COLLECT_GCC_OPTIONS='-v' '-o' 'CMakeFiles/cmTC_704f2.dir/CMakeCCompilerABI.c.o' '-c' '-march=armv7-a' '-mtune=cortex-a9' '-mfloat-abi=soft' '-mthumb' '-mtls-dialect=gnu'
Linking C executable cmTC_704f2
/usr/bin/cmake -E cmake_link_script CMakeFiles/cmTC_704f2.dir/link.txt --verbose=1
/opt/amlogic/gcc-linaro-6.3.1-2017.05-x86_64_arm-linux-gnueabi/bin/arm-linux-gnueabi-gcc  -v -rdynamic CMakeFiles/cmTC_704f2.dir/CMakeCCompilerABI.c.o -o cmTC_704f2 
Using built-in specs.
COLLECT_GCC=/opt/amlogic/gcc-linaro-6.3.1-2017.05-x86_64_arm-linux-gnueabi/bin/arm-linux-gnueabi-gcc
COLLECT_LTO_WRAPPER=/opt/amlogic/gcc-linaro-6.3.1-2017.05-x86_64_arm-linux-gnueabi/bin/../libexec/gcc/arm-linux-gnueabi/6.3.1/lto-wrapper
Target: arm-linux-gnueabi
Configured with: '/home/tcwg-buildslave/workspace/tcwg-make-release/builder_arch/amd64/label/tcwg-x86_64-build/target/arm-linux-gnueabi/snapshots/gcc.git~linaro-6.3-2017.05/configure' SHELL=/bin/bash --with-mpc=/home/tcwg-buildslave/workspace/tcwg-make-release/builder_arch/amd64/label/tcwg-x86_64-build/target/arm-linux-gnueabi/_build/builds/destdir/x86_64-unknown-linux-gnu --with-mpfr=/home/tcwg-buildslave/workspace/tcwg-make-release/builder_arch/amd64/label/tcwg-x86_64-build/target/arm-linux-gnueabi/_build/builds/destdir/x86_64-unknown-linux-gnu --with-gmp=/home/tcwg-buildslave/workspace/tcwg-make-release/builder_arch/amd64/label/tcwg-x86_64-build/target/arm-linux-gnueabi/_build/builds/destdir/x86_64-unknown-linux-gnu --with-gnu-as --with-gnu-ld --disable-libmudflap --enable-lto --enable-shared --without-included-gettext --enable-nls --disable-sjlj-exceptions --enable-gnu-unique-object --enable-linker-build-id --disable-libstdcxx-pch --enable-c99 --enable-clocale=gnu --enable-libstdcxx-debug --enable-long-long --with-cloog=no --with-ppl=no --with-isl=no --disable-multilib --with-float=soft --with-mode=thumb --with-tune=cortex-a9 --with-arch=armv7-a --enable-threads=posix --enable-multiarch --enable-libstdcxx-time=yes --enable-gnu-indirect-function --with-build-sysroot=/home/tcwg-buildslave/workspace/tcwg-make-release/builder_arch/amd64/label/tcwg-x86_64-build/target/arm-linux-gnueabi/_build/sysroots/arm-linux-gnueabi --with-sysroot=/home/tcwg-buildslave/workspace/tcwg-make-release/builder_arch/amd64/label/tcwg-x86_64-build/target/arm-linux-gnueabi/_build/builds/destdir/x86_64-unknown-linux-gnu/arm-linux-gnueabi/libc --enable-checking=release --disable-bootstrap --enable-languages=c,c++,fortran,lto --build=x86_64-unknown-linux-gnu --host=x86_64-unknown-linux-gnu --target=arm-linux-gnueabi --prefix=/home/tcwg-buildslave/workspace/tcwg-make-release/builder_arch/amd64/label/tcwg-x86_64-build/target/arm-linux-gnueabi/_build/builds/destdir/x86_64-unknown-linux-gnu
Thread model: posix
gcc version 6.3.1 20170404 (Linaro GCC 6.3-2017.05) 
COMPILER_PATH=/opt/amlogic/gcc-linaro-6.3.1-2017.05-x86_64_arm-linux-gnueabi/bin/../libexec/gcc/arm-linux-gnueabi/6.3.1/:/opt/amlogic/gcc-linaro-6.3.1-2017.05-x86_64_arm-linux-gnueabi/bin/../libexec/gcc/arm-linux-gnueabi/:/opt/amlogic/gcc-linaro-6.3.1-2017.05-x86_64_arm-linux-gnueabi/bin/../libexec/gcc/:/opt/amlogic/gcc-linaro-6.3.1-2017.05-x86_64_arm-linux-gnueabi/bin/../lib/gcc/arm-linux-gnueabi/6.3.1/../../../../arm-linux-gnueabi/bin/
LIBRARY_PATH=/opt/amlogic/gcc-linaro-6.3.1-2017.05-x86_64_arm-linux-gnueabi/bin/../lib/gcc/arm-linux-gnueabi/6.3.1/:/opt/amlogic/gcc-linaro-6.3.1-2017.05-x86_64_arm-linux-gnueabi/bin/../lib/gcc/arm-linux-gnueabi/:/opt/amlogic/gcc-linaro-6.3.1-2017.05-x86_64_arm-linux-gnueabi/bin/../lib/gcc/:/opt/amlogic/gcc-linaro-6.3.1-2017.05-x86_64_arm-linux-gnueabi/bin/../lib/gcc/arm-linux-gnueabi/6.3.1/../../../../arm-linux-gnueabi/lib/:/opt/amlogic/gcc-linaro-6.3.1-2017.05-x86_64_arm-linux-gnueabi/bin/../arm-linux-gnueabi/libc/lib/:/opt/amlogic/gcc-linaro-6.3.1-2017.05-x86_64_arm-linux-gnueabi/bin/../arm-linux-gnueabi/libc/usr/lib/
COLLECT_GCC_OPTIONS='-v' '-rdynamic' '-o' 'cmTC_704f2' '-march=armv7-a' '-mtune=cortex-a9' '-mfloat-abi=soft' '-mthumb' '-mtls-dialect=gnu'
 /opt/amlogic/gcc-linaro-6.3.1-2017.05-x86_64_arm-linux-gnueabi/bin/../libexec/gcc/arm-linux-gnueabi/6.3.1/collect2 -plugin /opt/amlogic/gcc-linaro-6.3.1-2017.05-x86_64_arm-linux-gnueabi/bin/../libexec/gcc/arm-linux-gnueabi/6.3.1/liblto_plugin.so -plugin-opt=/opt/amlogic/gcc-linaro-6.3.1-2017.05-x86_64_arm-linux-gnueabi/bin/../libexec/gcc/arm-linux-gnueabi/6.3.1/lto-wrapper -plugin-opt=-fresolution=/tmp/ccRuM7B9.res -plugin-opt=-pass-through=-lgcc -plugin-opt=-pass-through=-lgcc_s -plugin-opt=-pass-through=-lc -plugin-opt=-pass-through=-lgcc -plugin-opt=-pass-through=-lgcc_s --sysroot=/opt/amlogic/gcc-linaro-6.3.1-2017.05-x86_64_arm-linux-gnueabi/bin/../arm-linux-gnueabi/libc --build-id --eh-frame-hdr -export-dynamic -dynamic-linker /lib/ld-linux.so.3 -X -m armelf_linux_eabi -o cmTC_704f2 /opt/amlogic/gcc-linaro-6.3.1-2017.05-x86_64_arm-linux-gnueabi/bin/../arm-linux-gnueabi/libc/usr/lib/crt1.o /opt/amlogic/gcc-linaro-6.3.1-2017.05-x86_64_arm-linux-gnueabi/bin/../arm-linux-gnueabi/libc/usr/lib/crti.o /opt/amlogic/gcc-linaro-6.3.1-2017.05-x86_64_arm-linux-gnueabi/bin/../lib/gcc/arm-linux-gnueabi/6.3.1/crtbegin.o -L/opt/amlogic/gcc-linaro-6.3.1-2017.05-x86_64_arm-linux-gnueabi/bin/../lib/gcc/arm-linux-gnueabi/6.3.1 -L/opt/amlogic/gcc-linaro-6.3.1-2017.05-x86_64_arm-linux-gnueabi/bin/../lib/gcc/arm-linux-gnueabi -L/opt/amlogic/gcc-linaro-6.3.1-2017.05-x86_64_arm-linux-gnueabi/bin/../lib/gcc -L/opt/amlogic/gcc-linaro-6.3.1-2017.05-x86_64_arm-linux-gnueabi/bin/../lib/gcc/arm-linux-gnueabi/6.3.1/../../../../arm-linux-gnueabi/lib -L/opt/amlogic/gcc-linaro-6.3.1-2017.05-x86_64_arm-linux-gnueabi/bin/../arm-linux-gnueabi/libc/lib -L/opt/amlogic/gcc-linaro-6.3.1-2017.05-x86_64_arm-linux-gnueabi/bin/../arm-linux-gnueabi/libc/usr/lib CMakeFiles/cmTC_704f2.dir/CMakeCCompilerABI.c.o -lgcc --as-needed -lgcc_s --no-as-needed -lc -lgcc --as-needed -lgcc_s --no-as-needed /opt/amlogic/gcc-linaro-6.3.1-2017.05-x86_64_arm-linux-gnueabi/bin/../lib/gcc/arm-linux-gnueabi/6.3.1/crtend.o /opt/amlogic/gcc-linaro-6.3.1-2017.05-x86_64_arm-linux-gnueabi/bin/../arm-linux-gnueabi/libc/usr/lib/crtn.o
COLLECT_GCC_OPTIONS='-v' '-rdynamic' '-o' 'cmTC_704f2' '-march=armv7-a' '-mtune=cortex-a9' '-mfloat-abi=soft' '-mthumb' '-mtls-dialect=gnu'
gmake[1]: Leaving directory '/home/jhwang/PROJECT/Netgeer/mine/rockchip_app/mpp/temp/CMakeFiles/CMakeTmp'



Parsed C implicit include dir info from above output: rv=done
  found start of include info
  found start of implicit include info
    add: [/opt/amlogic/gcc-linaro-6.3.1-2017.05-x86_64_arm-linux-gnueabi/bin/../lib/gcc/arm-linux-gnueabi/6.3.1/include]
    add: [/opt/amlogic/gcc-linaro-6.3.1-2017.05-x86_64_arm-linux-gnueabi/bin/../lib/gcc/arm-linux-gnueabi/6.3.1/include-fixed]
    add: [/opt/amlogic/gcc-linaro-6.3.1-2017.05-x86_64_arm-linux-gnueabi/bin/../lib/gcc/arm-linux-gnueabi/6.3.1/../../../../arm-linux-gnueabi/include]
    add: [/opt/amlogic/gcc-linaro-6.3.1-2017.05-x86_64_arm-linux-gnueabi/bin/../arm-linux-gnueabi/libc/usr/include]
  end of search list found
  collapse include dir [/opt/amlogic/gcc-linaro-6.3.1-2017.05-x86_64_arm-linux-gnueabi/bin/../lib/gcc/arm-linux-gnueabi/6.3.1/include] ==> [/opt/amlogic/gcc-linaro-6.3.1-2017.05-x86_64_arm-linux-gnueabi/lib/gcc/arm-linux-gnueabi/6.3.1/include]
  collapse include dir [/opt/amlogic/gcc-linaro-6.3.1-2017.05-x86_64_arm-linux-gnueabi/bin/../lib/gcc/arm-linux-gnueabi/6.3.1/include-fixed] ==> [/opt/amlogic/gcc-linaro-6.3.1-2017.05-x86_64_arm-linux-gnueabi/lib/gcc/arm-linux-gnueabi/6.3.1/include-fixed]
  collapse include dir [/opt/amlogic/gcc-linaro-6.3.1-2017.05-x86_64_arm-linux-gnueabi/bin/../lib/gcc/arm-linux-gnueabi/6.3.1/../../../../arm-linux-gnueabi/include] ==> [/opt/amlogic/gcc-linaro-6.3.1-2017.05-x86_64_arm-linux-gnueabi/arm-linux-gnueabi/include]
  collapse include dir [/opt/amlogic/gcc-linaro-6.3.1-2017.05-x86_64_arm-linux-gnueabi/bin/../arm-linux-gnueabi/libc/usr/include] ==> [/opt/amlogic/gcc-linaro-6.3.1-2017.05-x86_64_arm-linux-gnueabi/arm-linux-gnueabi/libc/usr/include]
  implicit include dirs: [/opt/amlogic/gcc-linaro-6.3.1-2017.05-x86_64_arm-linux-gnueabi/lib/gcc/arm-linux-gnueabi/6.3.1/include;/opt/amlogic/gcc-linaro-6.3.1-2017.05-x86_64_arm-linux-gnueabi/lib/gcc/arm-linux-gnueabi/6.3.1/include-fixed;/opt/amlogic/gcc-linaro-6.3.1-2017.05-x86_64_arm-linux-gnueabi/arm-linux-gnueabi/include;/opt/amlogic/gcc-linaro-6.3.1-2017.05-x86_64_arm-linux-gnueabi/arm-linux-gnueabi/libc/usr/include]


Parsed C implicit link information from above output:
  link line regex: [^( *|.*[/\])(arm-linux-gnueabi-ld|CMAKE_LINK_STARTFILE-NOTFOUND|([^/\]+-)?ld|collect2)[^/\]*( |$)]
  ignore line: [Change Dir: /home/jhwang/PROJECT/Netgeer/mine/rockchip_app/mpp/temp/CMakeFiles/CMakeTmp]
  ignore line: []
  ignore line: [Run Build Command(s):/usr/bin/gmake -f Makefile cmTC_704f2/fast && /usr/bin/gmake  -f CMakeFiles/cmTC_704f2.dir/build.make CMakeFiles/cmTC_704f2.dir/build]
  ignore line: [gmake[1]: Entering directory '/home/jhwang/PROJECT/Netgeer/mine/rockchip_app/mpp/temp/CMakeFiles/CMakeTmp']
  ignore line: [Building C object CMakeFiles/cmTC_704f2.dir/CMakeCCompilerABI.c.o]
  ignore line: [/opt/amlogic/gcc-linaro-6.3.1-2017.05-x86_64_arm-linux-gnueabi/bin/arm-linux-gnueabi-gcc   -v -o CMakeFiles/cmTC_704f2.dir/CMakeCCompilerABI.c.o -c /usr/share/cmake-3.22/Modules/CMakeCCompilerABI.c]
  ignore line: [Using built-in specs.]
  ignore line: [COLLECT_GCC=/opt/amlogic/gcc-linaro-6.3.1-2017.05-x86_64_arm-linux-gnueabi/bin/arm-linux-gnueabi-gcc]
  ignore line: [Target: arm-linux-gnueabi]
  ignore line: [Configured with: '/home/tcwg-buildslave/workspace/tcwg-make-release/builder_arch/amd64/label/tcwg-x86_64-build/target/arm-linux-gnueabi/snapshots/gcc.git~linaro-6.3-2017.05/configure' SHELL=/bin/bash --with-mpc=/home/tcwg-buildslave/workspace/tcwg-make-release/builder_arch/amd64/label/tcwg-x86_64-build/target/arm-linux-gnueabi/_build/builds/destdir/x86_64-unknown-linux-gnu --with-mpfr=/home/tcwg-buildslave/workspace/tcwg-make-release/builder_arch/amd64/label/tcwg-x86_64-build/target/arm-linux-gnueabi/_build/builds/destdir/x86_64-unknown-linux-gnu --with-gmp=/home/tcwg-buildslave/workspace/tcwg-make-release/builder_arch/amd64/label/tcwg-x86_64-build/target/arm-linux-gnueabi/_build/builds/destdir/x86_64-unknown-linux-gnu --with-gnu-as --with-gnu-ld --disable-libmudflap --enable-lto --enable-shared --without-included-gettext --enable-nls --disable-sjlj-exceptions --enable-gnu-unique-object --enable-linker-build-id --disable-libstdcxx-pch --enable-c99 --enable-clocale=gnu --enable-libstdcxx-debug --enable-long-long --with-cloog=no --with-ppl=no --with-isl=no --disable-multilib --with-float=soft --with-mode=thumb --with-tune=cortex-a9 --with-arch=armv7-a --enable-threads=posix --enable-multiarch --enable-libstdcxx-time=yes --enable-gnu-indirect-function --with-build-sysroot=/home/tcwg-buildslave/workspace/tcwg-make-release/builder_arch/amd64/label/tcwg-x86_64-build/target/arm-linux-gnueabi/_build/sysroots/arm-linux-gnueabi --with-sysroot=/home/tcwg-buildslave/workspace/tcwg-make-release/builder_arch/amd64/label/tcwg-x86_64-build/target/arm-linux-gnueabi/_build/builds/destdir/x86_64-unknown-linux-gnu/arm-linux-gnueabi/libc --enable-checking=release --disable-bootstrap --enable-languages=c,c++,fortran,lto --build=x86_64-unknown-linux-gnu --host=x86_64-unknown-linux-gnu --target=arm-linux-gnueabi --prefix=/home/tcwg-buildslave/workspace/tcwg-make-release/builder_arch/amd64/label/tcwg-x86_64-build/target/arm-linux-gnueabi/_build/builds/destdir/x86_64-unknown-linux-gnu]
  ignore line: [Thread model: posix]
  ignore line: [gcc version 6.3.1 20170404 (Linaro GCC 6.3-2017.05) ]
  ignore line: [COLLECT_GCC_OPTIONS='-v' '-o' 'CMakeFiles/cmTC_704f2.dir/CMakeCCompilerABI.c.o' '-c' '-march=armv7-a' '-mtune=cortex-a9' '-mfloat-abi=soft' '-mthumb' '-mtls-dialect=gnu']
  ignore line: [ /opt/amlogic/gcc-linaro-6.3.1-2017.05-x86_64_arm-linux-gnueabi/bin/../libexec/gcc/arm-linux-gnueabi/6.3.1/cc1 -quiet -v -imultilib . -imultiarch arm-linux-gnueabi -iprefix /opt/amlogic/gcc-linaro-6.3.1-2017.05-x86_64_arm-linux-gnueabi/bin/../lib/gcc/arm-linux-gnueabi/6.3.1/ -isysroot /opt/amlogic/gcc-linaro-6.3.1-2017.05-x86_64_arm-linux-gnueabi/bin/../arm-linux-gnueabi/libc /usr/share/cmake-3.22/Modules/CMakeCCompilerABI.c -quiet -dumpbase CMakeCCompilerABI.c -march=armv7-a -mtune=cortex-a9 -mfloat-abi=soft -mthumb -mtls-dialect=gnu -auxbase-strip CMakeFiles/cmTC_704f2.dir/CMakeCCompilerABI.c.o -version -o /tmp/cc8fEcBe.s]
  ignore line: [GNU C11 (Linaro GCC 6.3-2017.05) version 6.3.1 20170404 (arm-linux-gnueabi)]
  ignore line: [	compiled by GNU C version 4.8.4  GMP version 6.1.0  MPFR version 3.1.4  MPC version 1.0.3  isl version none]
  ignore line: [GGC heuristics: --param ggc-min-expand=100 --param ggc-min-heapsize=131072]
  ignore line: [ignoring duplicate directory "/opt/amlogic/gcc-linaro-6.3.1-2017.05-x86_64_arm-linux-gnueabi/bin/../lib/gcc/../../lib/gcc/arm-linux-gnueabi/6.3.1/include"]
  ignore line: [ignoring nonexistent directory "/opt/amlogic/gcc-linaro-6.3.1-2017.05-x86_64_arm-linux-gnueabi/bin/../arm-linux-gnueabi/libc/usr/local/include/arm-linux-gnueabi"]
  ignore line: [ignoring nonexistent directory "/opt/amlogic/gcc-linaro-6.3.1-2017.05-x86_64_arm-linux-gnueabi/bin/../arm-linux-gnueabi/libc/usr/local/include"]
  ignore line: [ignoring duplicate directory "/opt/amlogic/gcc-linaro-6.3.1-2017.05-x86_64_arm-linux-gnueabi/bin/../lib/gcc/../../lib/gcc/arm-linux-gnueabi/6.3.1/include-fixed"]
  ignore line: [ignoring duplicate directory "/opt/amlogic/gcc-linaro-6.3.1-2017.05-x86_64_arm-linux-gnueabi/bin/../lib/gcc/../../lib/gcc/arm-linux-gnueabi/6.3.1/../../../../arm-linux-gnueabi/include"]
  ignore line: [ignoring nonexistent directory "/opt/amlogic/gcc-linaro-6.3.1-2017.05-x86_64_arm-linux-gnueabi/bin/../arm-linux-gnueabi/libc/usr/include/arm-linux-gnueabi"]
  ignore line: [#include "..." search starts here:]
  ignore line: [#include <...> search starts here:]
  ignore line: [ /opt/amlogic/gcc-linaro-6.3.1-2017.05-x86_64_arm-linux-gnueabi/bin/../lib/gcc/arm-linux-gnueabi/6.3.1/include]
  ignore line: [ /opt/amlogic/gcc-linaro-6.3.1-2017.05-x86_64_arm-linux-gnueabi/bin/../lib/gcc/arm-linux-gnueabi/6.3.1/include-fixed]
  ignore line: [ /opt/amlogic/gcc-linaro-6.3.1-2017.05-x86_64_arm-linux-gnueabi/bin/../lib/gcc/arm-linux-gnueabi/6.3.1/../../../../arm-linux-gnueabi/include]
  ignore line: [ /opt/amlogic/gcc-linaro-6.3.1-2017.05-x86_64_arm-linux-gnueabi/bin/../arm-linux-gnueabi/libc/usr/include]
  ignore line: [End of search list.]
  ignore line: [GNU C11 (Linaro GCC 6.3-2017.05) version 6.3.1 20170404 (arm-linux-gnueabi)]
  ignore line: [	compiled by GNU C version 4.8.4  GMP version 6.1.0  MPFR version 3.1.4  MPC version 1.0.3  isl version none]
  ignore line: [GGC heuristics: --param ggc-min-expand=100 --param ggc-min-heapsize=131072]
  ignore line: [Compiler executable checksum: 7c7fd663cef1651141acba2efdb52bc6]
  ignore line: [COLLECT_GCC_OPTIONS='-v' '-o' 'CMakeFiles/cmTC_704f2.dir/CMakeCCompilerABI.c.o' '-c' '-march=armv7-a' '-mtune=cortex-a9' '-mfloat-abi=soft' '-mthumb' '-mtls-dialect=gnu']
  ignore line: [ /opt/amlogic/gcc-linaro-6.3.1-2017.05-x86_64_arm-linux-gnueabi/bin/../lib/gcc/arm-linux-gnueabi/6.3.1/../../../../arm-linux-gnueabi/bin/as -v -march=armv7-a -mfloat-abi=soft -meabi=5 -o CMakeFiles/cmTC_704f2.dir/CMakeCCompilerABI.c.o /tmp/cc8fEcBe.s]
  ignore line: [GNU assembler version 2.27.0 (arm-linux-gnueabi) using BFD version (Linaro_Binutils-2017.05) 2.27.0.20161019]
  ignore line: [COMPILER_PATH=/opt/amlogic/gcc-linaro-6.3.1-2017.05-x86_64_arm-linux-gnueabi/bin/../libexec/gcc/arm-linux-gnueabi/6.3.1/:/opt/amlogic/gcc-linaro-6.3.1-2017.05-x86_64_arm-linux-gnueabi/bin/../libexec/gcc/arm-linux-gnueabi/:/opt/amlogic/gcc-linaro-6.3.1-2017.05-x86_64_arm-linux-gnueabi/bin/../libexec/gcc/:/opt/amlogic/gcc-linaro-6.3.1-2017.05-x86_64_arm-linux-gnueabi/bin/../lib/gcc/arm-linux-gnueabi/6.3.1/../../../../arm-linux-gnueabi/bin/]
  ignore line: [LIBRARY_PATH=/opt/amlogic/gcc-linaro-6.3.1-2017.05-x86_64_arm-linux-gnueabi/bin/../lib/gcc/arm-linux-gnueabi/6.3.1/:/opt/amlogic/gcc-linaro-6.3.1-2017.05-x86_64_arm-linux-gnueabi/bin/../lib/gcc/arm-linux-gnueabi/:/opt/amlogic/gcc-linaro-6.3.1-2017.05-x86_64_arm-linux-gnueabi/bin/../lib/gcc/:/opt/amlogic/gcc-linaro-6.3.1-2017.05-x86_64_arm-linux-gnueabi/bin/../lib/gcc/arm-linux-gnueabi/6.3.1/../../../../arm-linux-gnueabi/lib/:/opt/amlogic/gcc-linaro-6.3.1-2017.05-x86_64_arm-linux-gnueabi/bin/../arm-linux-gnueabi/libc/lib/:/opt/amlogic/gcc-linaro-6.3.1-2017.05-x86_64_arm-linux-gnueabi/bin/../arm-linux-gnueabi/libc/usr/lib/]
  ignore line: [COLLECT_GCC_OPTIONS='-v' '-o' 'CMakeFiles/cmTC_704f2.dir/CMakeCCompilerABI.c.o' '-c' '-march=armv7-a' '-mtune=cortex-a9' '-mfloat-abi=soft' '-mthumb' '-mtls-dialect=gnu']
  ignore line: [Linking C executable cmTC_704f2]
  ignore line: [/usr/bin/cmake -E cmake_link_script CMakeFiles/cmTC_704f2.dir/link.txt --verbose=1]
  ignore line: [/opt/amlogic/gcc-linaro-6.3.1-2017.05-x86_64_arm-linux-gnueabi/bin/arm-linux-gnueabi-gcc  -v -rdynamic CMakeFiles/cmTC_704f2.dir/CMakeCCompilerABI.c.o -o cmTC_704f2 ]
  ignore line: [Using built-in specs.]
  ignore line: [COLLECT_GCC=/opt/amlogic/gcc-linaro-6.3.1-2017.05-x86_64_arm-linux-gnueabi/bin/arm-linux-gnueabi-gcc]
  ignore line: [COLLECT_LTO_WRAPPER=/opt/amlogic/gcc-linaro-6.3.1-2017.05-x86_64_arm-linux-gnueabi/bin/../libexec/gcc/arm-linux-gnueabi/6.3.1/lto-wrapper]
  ignore line: [Target: arm-linux-gnueabi]
  ignore line: [Configured with: '/home/tcwg-buildslave/workspace/tcwg-make-release/builder_arch/amd64/label/tcwg-x86_64-build/target/arm-linux-gnueabi/snapshots/gcc.git~linaro-6.3-2017.05/configure' SHELL=/bin/bash --with-mpc=/home/tcwg-buildslave/workspace/tcwg-make-release/builder_arch/amd64/label/tcwg-x86_64-build/target/arm-linux-gnueabi/_build/builds/destdir/x86_64-unknown-linux-gnu --with-mpfr=/home/tcwg-buildslave/workspace/tcwg-make-release/builder_arch/amd64/label/tcwg-x86_64-build/target/arm-linux-gnueabi/_build/builds/destdir/x86_64-unknown-linux-gnu --with-gmp=/home/tcwg-buildslave/workspace/tcwg-make-release/builder_arch/amd64/label/tcwg-x86_64-build/target/arm-linux-gnueabi/_build/builds/destdir/x86_64-unknown-linux-gnu --with-gnu-as --with-gnu-ld --disable-libmudflap --enable-lto --enable-shared --without-included-gettext --enable-nls --disable-sjlj-exceptions --enable-gnu-unique-object --enable-linker-build-id --disable-libstdcxx-pch --enable-c99 --enable-clocale=gnu --enable-libstdcxx-debug --enable-long-long --with-cloog=no --with-ppl=no --with-isl=no --disable-multilib --with-float=soft --with-mode=thumb --with-tune=cortex-a9 --with-arch=armv7-a --enable-threads=posix --enable-multiarch --enable-libstdcxx-time=yes --enable-gnu-indirect-function --with-build-sysroot=/home/tcwg-buildslave/workspace/tcwg-make-release/builder_arch/amd64/label/tcwg-x86_64-build/target/arm-linux-gnueabi/_build/sysroots/arm-linux-gnueabi --with-sysroot=/home/tcwg-buildslave/workspace/tcwg-make-release/builder_arch/amd64/label/tcwg-x86_64-build/target/arm-linux-gnueabi/_build/builds/destdir/x86_64-unknown-linux-gnu/arm-linux-gnueabi/libc --enable-checking=release --disable-bootstrap --enable-languages=c,c++,fortran,lto --build=x86_64-unknown-linux-gnu --host=x86_64-unknown-linux-gnu --target=arm-linux-gnueabi --prefix=/home/tcwg-buildslave/workspace/tcwg-make-release/builder_arch/amd64/label/tcwg-x86_64-build/target/arm-linux-gnueabi/_build/builds/destdir/x86_64-unknown-linux-gnu]
  ignore line: [Thread model: posix]
  ignore line: [gcc version 6.3.1 20170404 (Linaro GCC 6.3-2017.05) ]
  ignore line: [COMPILER_PATH=/opt/amlogic/gcc-linaro-6.3.1-2017.05-x86_64_arm-linux-gnueabi/bin/../libexec/gcc/arm-linux-gnueabi/6.3.1/:/opt/amlogic/gcc-linaro-6.3.1-2017.05-x86_64_arm-linux-gnueabi/bin/../libexec/gcc/arm-linux-gnueabi/:/opt/amlogic/gcc-linaro-6.3.1-2017.05-x86_64_arm-linux-gnueabi/bin/../libexec/gcc/:/opt/amlogic/gcc-linaro-6.3.1-2017.05-x86_64_arm-linux-gnueabi/bin/../lib/gcc/arm-linux-gnueabi/6.3.1/../../../../arm-linux-gnueabi/bin/]
  ignore line: [LIBRARY_PATH=/opt/amlogic/gcc-linaro-6.3.1-2017.05-x86_64_arm-linux-gnueabi/bin/../lib/gcc/arm-linux-gnueabi/6.3.1/:/opt/amlogic/gcc-linaro-6.3.1-2017.05-x86_64_arm-linux-gnueabi/bin/../lib/gcc/arm-linux-gnueabi/:/opt/amlogic/gcc-linaro-6.3.1-2017.05-x86_64_arm-linux-gnueabi/bin/../lib/gcc/:/opt/amlogic/gcc-linaro-6.3.1-2017.05-x86_64_arm-linux-gnueabi/bin/../lib/gcc/arm-linux-gnueabi/6.3.1/../../../../arm-linux-gnueabi/lib/:/opt/amlogic/gcc-linaro-6.3.1-2017.05-x86_64_arm-linux-gnueabi/bin/../arm-linux-gnueabi/libc/lib/:/opt/amlogic/gcc-linaro-6.3.1-2017.05-x86_64_arm-linux-gnueabi/bin/../arm-linux-gnueabi/libc/usr/lib/]
  ignore line: [COLLECT_GCC_OPTIONS='-v' '-rdynamic' '-o' 'cmTC_704f2' '-march=armv7-a' '-mtune=cortex-a9' '-mfloat-abi=soft' '-mthumb' '-mtls-dialect=gnu']
  link line: [ /opt/amlogic/gcc-linaro-6.3.1-2017.05-x86_64_arm-linux-gnueabi/bin/../libexec/gcc/arm-linux-gnueabi/6.3.1/collect2 -plugin /opt/amlogic/gcc-linaro-6.3.1-2017.05-x86_64_arm-linux-gnueabi/bin/../libexec/gcc/arm-linux-gnueabi/6.3.1/liblto_plugin.so -plugin-opt=/opt/amlogic/gcc-linaro-6.3.1-2017.05-x86_64_arm-linux-gnueabi/bin/../libexec/gcc/arm-linux-gnueabi/6.3.1/lto-wrapper -plugin-opt=-fresolution=/tmp/ccRuM7B9.res -plugin-opt=-pass-through=-lgcc -plugin-opt=-pass-through=-lgcc_s -plugin-opt=-pass-through=-lc -plugin-opt=-pass-through=-lgcc -plugin-opt=-pass-through=-lgcc_s --sysroot=/opt/amlogic/gcc-linaro-6.3.1-2017.05-x86_64_arm-linux-gnueabi/bin/../arm-linux-gnueabi/libc --build-id --eh-frame-hdr -export-dynamic -dynamic-linker /lib/ld-linux.so.3 -X -m armelf_linux_eabi -o cmTC_704f2 /opt/amlogic/gcc-linaro-6.3.1-2017.05-x86_64_arm-linux-gnueabi/bin/../arm-linux-gnueabi/libc/usr/lib/crt1.o /opt/amlogic/gcc-linaro-6.3.1-2017.05-x86_64_arm-linux-gnueabi/bin/../arm-linux-gnueabi/libc/usr/lib/crti.o /opt/amlogic/gcc-linaro-6.3.1-2017.05-x86_64_arm-linux-gnueabi/bin/../lib/gcc/arm-linux-gnueabi/6.3.1/crtbegin.o -L/opt/amlogic/gcc-linaro-6.3.1-2017.05-x86_64_arm-linux-gnueabi/bin/../lib/gcc/arm-linux-gnueabi/6.3.1 -L/opt/amlogic/gcc-linaro-6.3.1-2017.05-x86_64_arm-linux-gnueabi/bin/../lib/gcc/arm-linux-gnueabi -L/opt/amlogic/gcc-linaro-6.3.1-2017.05-x86_64_arm-linux-gnueabi/bin/../lib/gcc -L/opt/amlogic/gcc-linaro-6.3.1-2017.05-x86_64_arm-linux-gnueabi/bin/../lib/gcc/arm-linux-gnueabi/6.3.1/../../../../arm-linux-gnueabi/lib -L/opt/amlogic/gcc-linaro-6.3.1-2017.05-x86_64_arm-linux-gnueabi/bin/../arm-linux-gnueabi/libc/lib -L/opt/amlogic/gcc-linaro-6.3.1-2017.05-x86_64_arm-linux-gnueabi/bin/../arm-linux-gnueabi/libc/usr/lib CMakeFiles/cmTC_704f2.dir/CMakeCCompilerABI.c.o -lgcc --as-needed -lgcc_s --no-as-needed -lc -lgcc --as-needed -lgcc_s --no-as-needed /opt/amlogic/gcc-linaro-6.3.1-2017.05-x86_64_arm-linux-gnueabi/bin/../lib/gcc/arm-linux-gnueabi/6.3.1/crtend.o /opt/amlogic/gcc-linaro-6.3.1-2017.05-x86_64_arm-linux-gnueabi/bin/../arm-linux-gnueabi/libc/usr/lib/crtn.o]
    arg [/opt/amlogic/gcc-linaro-6.3.1-2017.05-x86_64_arm-linux-gnueabi/bin/../libexec/gcc/arm-linux-gnueabi/6.3.1/collect2] ==> ignore
    arg [-plugin] ==> ignore
    arg [/opt/amlogic/gcc-linaro-6.3.1-2017.05-x86_64_arm-linux-gnueabi/bin/../libexec/gcc/arm-linux-gnueabi/6.3.1/liblto_plugin.so] ==> ignore
    arg [-plugin-opt=/opt/amlogic/gcc-linaro-6.3.1-2017.05-x86_64_arm-linux-gnueabi/bin/../libexec/gcc/arm-linux-gnueabi/6.3.1/lto-wrapper] ==> ignore
    arg [-plugin-opt=-fresolution=/tmp/ccRuM7B9.res] ==> ignore
    arg [-plugin-opt=-pass-through=-lgcc] ==> ignore
    arg [-plugin-opt=-pass-through=-lgcc_s] ==> ignore
    arg [-plugin-opt=-pass-through=-lc] ==> ignore
    arg [-plugin-opt=-pass-through=-lgcc] ==> ignore
    arg [-plugin-opt=-pass-through=-lgcc_s] ==> ignore
    arg [--sysroot=/opt/amlogic/gcc-linaro-6.3.1-2017.05-x86_64_arm-linux-gnueabi/bin/../arm-linux-gnueabi/libc] ==> ignore
    arg [--build-id] ==> ignore
    arg [--eh-frame-hdr] ==> ignore
    arg [-export-dynamic] ==> ignore
    arg [-dynamic-linker] ==> ignore
    arg [/lib/ld-linux.so.3] ==> ignore
    arg [-X] ==> ignore
    arg [-m] ==> ignore
    arg [armelf_linux_eabi] ==> ignore
    arg [-o] ==> ignore
    arg [cmTC_704f2] ==> ignore
    arg [/opt/amlogic/gcc-linaro-6.3.1-2017.05-x86_64_arm-linux-gnueabi/bin/../arm-linux-gnueabi/libc/usr/lib/crt1.o] ==> obj [/opt/amlogic/gcc-linaro-6.3.1-2017.05-x86_64_arm-linux-gnueabi/bin/../arm-linux-gnueabi/libc/usr/lib/crt1.o]
    arg [/opt/amlogic/gcc-linaro-6.3.1-2017.05-x86_64_arm-linux-gnueabi/bin/../arm-linux-gnueabi/libc/usr/lib/crti.o] ==> obj [/opt/amlogic/gcc-linaro-6.3.1-2017.05-x86_64_arm-linux-gnueabi/bin/../arm-linux-gnueabi/libc/usr/lib/crti.o]
    arg [/opt/amlogic/gcc-linaro-6.3.1-2017.05-x86_64_arm-linux-gnueabi/bin/../lib/gcc/arm-linux-gnueabi/6.3.1/crtbegin.o] ==> obj [/opt/amlogic/gcc-linaro-6.3.1-2017.05-x86_64_arm-linux-gnueabi/bin/../lib/gcc/arm-linux-gnueabi/6.3.1/crtbegin.o]
    arg [-L/opt/amlogic/gcc-linaro-6.3.1-2017.05-x86_64_arm-linux-gnueabi/bin/../lib/gcc/arm-linux-gnueabi/6.3.1] ==> dir [/opt/amlogic/gcc-linaro-6.3.1-2017.05-x86_64_arm-linux-gnueabi/bin/../lib/gcc/arm-linux-gnueabi/6.3.1]
    arg [-L/opt/amlogic/gcc-linaro-6.3.1-2017.05-x86_64_arm-linux-gnueabi/bin/../lib/gcc/arm-linux-gnueabi] ==> dir [/opt/amlogic/gcc-linaro-6.3.1-2017.05-x86_64_arm-linux-gnueabi/bin/../lib/gcc/arm-linux-gnueabi]
    arg [-L/opt/amlogic/gcc-linaro-6.3.1-2017.05-x86_64_arm-linux-gnueabi/bin/../lib/gcc] ==> dir [/opt/amlogic/gcc-linaro-6.3.1-2017.05-x86_64_arm-linux-gnueabi/bin/../lib/gcc]
    arg [-L/opt/amlogic/gcc-linaro-6.3.1-2017.05-x86_64_arm-linux-gnueabi/bin/../lib/gcc/arm-linux-gnueabi/6.3.1/../../../../arm-linux-gnueabi/lib] ==> dir [/opt/amlogic/gcc-linaro-6.3.1-2017.05-x86_64_arm-linux-gnueabi/bin/../lib/gcc/arm-linux-gnueabi/6.3.1/../../../../arm-linux-gnueabi/lib]
    arg [-L/opt/amlogic/gcc-linaro-6.3.1-2017.05-x86_64_arm-linux-gnueabi/bin/../arm-linux-gnueabi/libc/lib] ==> dir [/opt/amlogic/gcc-linaro-6.3.1-2017.05-x86_64_arm-linux-gnueabi/bin/../arm-linux-gnueabi/libc/lib]
    arg [-L/opt/amlogic/gcc-linaro-6.3.1-2017.05-x86_64_arm-linux-gnueabi/bin/../arm-linux-gnueabi/libc/usr/lib] ==> dir [/opt/amlogic/gcc-linaro-6.3.1-2017.05-x86_64_arm-linux-gnueabi/bin/../arm-linux-gnueabi/libc/usr/lib]
    arg [CMakeFiles/cmTC_704f2.dir/CMakeCCompilerABI.c.o] ==> ignore
    arg [-lgcc] ==> lib [gcc]
    arg [--as-needed] ==> ignore
    arg [-lgcc_s] ==> lib [gcc_s]
    arg [--no-as-needed] ==> ignore
    arg [-lc] ==> lib [c]
    arg [-lgcc] ==> lib [gcc]
    arg [--as-needed] ==> ignore
    arg [-lgcc_s] ==> lib [gcc_s]
    arg [--no-as-needed] ==> ignore
    arg [/opt/amlogic/gcc-linaro-6.3.1-2017.05-x86_64_arm-linux-gnueabi/bin/../lib/gcc/arm-linux-gnueabi/6.3.1/crtend.o] ==> obj [/opt/amlogic/gcc-linaro-6.3.1-2017.05-x86_64_arm-linux-gnueabi/bin/../lib/gcc/arm-linux-gnueabi/6.3.1/crtend.o]
    arg [/opt/amlogic/gcc-linaro-6.3.1-2017.05-x86_64_arm-linux-gnueabi/bin/../arm-linux-gnueabi/libc/usr/lib/crtn.o] ==> obj [/opt/amlogic/gcc-linaro-6.3.1-2017.05-x86_64_arm-linux-gnueabi/bin/../arm-linux-gnueabi/libc/usr/lib/crtn.o]
  collapse obj [/opt/amlogic/gcc-linaro-6.3.1-2017.05-x86_64_arm-linux-gnueabi/bin/../arm-linux-gnueabi/libc/usr/lib/crt1.o] ==> [/opt/amlogic/gcc-linaro-6.3.1-2017.05-x86_64_arm-linux-gnueabi/arm-linux-gnueabi/libc/usr/lib/crt1.o]
  collapse obj [/opt/amlogic/gcc-linaro-6.3.1-2017.05-x86_64_arm-linux-gnueabi/bin/../arm-linux-gnueabi/libc/usr/lib/crti.o] ==> [/opt/amlogic/gcc-linaro-6.3.1-2017.05-x86_64_arm-linux-gnueabi/arm-linux-gnueabi/libc/usr/lib/crti.o]
  collapse obj [/opt/amlogic/gcc-linaro-6.3.1-2017.05-x86_64_arm-linux-gnueabi/bin/../lib/gcc/arm-linux-gnueabi/6.3.1/crtbegin.o] ==> [/opt/amlogic/gcc-linaro-6.3.1-2017.05-x86_64_arm-linux-gnueabi/lib/gcc/arm-linux-gnueabi/6.3.1/crtbegin.o]
  collapse obj [/opt/amlogic/gcc-linaro-6.3.1-2017.05-x86_64_arm-linux-gnueabi/bin/../lib/gcc/arm-linux-gnueabi/6.3.1/crtend.o] ==> [/opt/amlogic/gcc-linaro-6.3.1-2017.05-x86_64_arm-linux-gnueabi/lib/gcc/arm-linux-gnueabi/6.3.1/crtend.o]
  collapse obj [/opt/amlogic/gcc-linaro-6.3.1-2017.05-x86_64_arm-linux-gnueabi/bin/../arm-linux-gnueabi/libc/usr/lib/crtn.o] ==> [/opt/amlogic/gcc-linaro-6.3.1-2017.05-x86_64_arm-linux-gnueabi/arm-linux-gnueabi/libc/usr/lib/crtn.o]
  collapse library dir [/opt/amlogic/gcc-linaro-6.3.1-2017.05-x86_64_arm-linux-gnueabi/bin/../lib/gcc/arm-linux-gnueabi/6.3.1] ==> [/opt/amlogic/gcc-linaro-6.3.1-2017.05-x86_64_arm-linux-gnueabi/lib/gcc/arm-linux-gnueabi/6.3.1]
  collapse library dir [/opt/amlogic/gcc-linaro-6.3.1-2017.05-x86_64_arm-linux-gnueabi/bin/../lib/gcc/arm-linux-gnueabi] ==> [/opt/amlogic/gcc-linaro-6.3.1-2017.05-x86_64_arm-linux-gnueabi/lib/gcc/arm-linux-gnueabi]
  collapse library dir [/opt/amlogic/gcc-linaro-6.3.1-2017.05-x86_64_arm-linux-gnueabi/bin/../lib/gcc] ==> [/opt/amlogic/gcc-linaro-6.3.1-2017.05-x86_64_arm-linux-gnueabi/lib/gcc]
  collapse library dir [/opt/amlogic/gcc-linaro-6.3.1-2017.05-x86_64_arm-linux-gnueabi/bin/../lib/gcc/arm-linux-gnueabi/6.3.1/../../../../arm-linux-gnueabi/lib] ==> [/opt/amlogic/gcc-linaro-6.3.1-2017.05-x86_64_arm-linux-gnueabi/arm-linux-gnueabi/lib]
  collapse library dir [/opt/amlogic/gcc-linaro-6.3.1-2017.05-x86_64_arm-linux-gnueabi/bin/../arm-linux-gnueabi/libc/lib] ==> [/opt/amlogic/gcc-linaro-6.3.1-2017.05-x86_64_arm-linux-gnueabi/arm-linux-gnueabi/libc/lib]
  collapse library dir [/opt/amlogic/gcc-linaro-6.3.1-2017.05-x86_64_arm-linux-gnueabi/bin/../arm-linux-gnueabi/libc/usr/lib] ==> [/opt/amlogic/gcc-linaro-6.3.1-2017.05-x86_64_arm-linux-gnueabi/arm-linux-gnueabi/libc/usr/lib]
  implicit libs: [gcc;gcc_s;c;gcc;gcc_s]
  implicit objs: [/opt/amlogic/gcc-linaro-6.3.1-2017.05-x86_64_arm-linux-gnueabi/arm-linux-gnueabi/libc/usr/lib/crt1.o;/opt/amlogic/gcc-linaro-6.3.1-2017.05-x86_64_arm-linux-gnueabi/arm-linux-gnueabi/libc/usr/lib/crti.o;/opt/amlogic/gcc-linaro-6.3.1-2017.05-x86_64_arm-linux-gnueabi/lib/gcc/arm-linux-gnueabi/6.3.1/crtbegin.o;/opt/amlogic/gcc-linaro-6.3.1-2017.05-x86_64_arm-linux-gnueabi/lib/gcc/arm-linux-gnueabi/6.3.1/crtend.o;/opt/amlogic/gcc-linaro-6.3.1-2017.05-x86_64_arm-linux-gnueabi/arm-linux-gnueabi/libc/usr/lib/crtn.o]
  implicit dirs: [/opt/amlogic/gcc-linaro-6.3.1-2017.05-x86_64_arm-linux-gnueabi/lib/gcc/arm-linux-gnueabi/6.3.1;/opt/amlogic/gcc-linaro-6.3.1-2017.05-x86_64_arm-linux-gnueabi/lib/gcc/arm-linux-gnueabi;/opt/amlogic/gcc-linaro-6.3.1-2017.05-x86_64_arm-linux-gnueabi/lib/gcc;/opt/amlogic/gcc-linaro-6.3.1-2017.05-x86_64_arm-linux-gnueabi/arm-linux-gnueabi/lib;/opt/amlogic/gcc-linaro-6.3.1-2017.05-x86_64_arm-linux-gnueabi/arm-linux-gnueabi/libc/lib;/opt/amlogic/gcc-linaro-6.3.1-2017.05-x86_64_arm-linux-gnueabi/arm-linux-gnueabi/libc/usr/lib]
  implicit fwks: []


Detecting CXX compiler ABI info compiled with the following output:
Change Dir: /home/jhwang/PROJECT/Netgeer/mine/rockchip_app/mpp/temp/CMakeFiles/CMakeTmp

Run Build Command(s):/usr/bin/gmake -f Makefile cmTC_13238/fast && /usr/bin/gmake  -f CMakeFiles/cmTC_13238.dir/build.make CMakeFiles/cmTC_13238.dir/build
gmake[1]: Entering directory '/home/jhwang/PROJECT/Netgeer/mine/rockchip_app/mpp/temp/CMakeFiles/CMakeTmp'
Building CXX object CMakeFiles/cmTC_13238.dir/CMakeCXXCompilerABI.cpp.o
/opt/amlogic/gcc-linaro-6.3.1-2017.05-x86_64_arm-linux-gnueabi/bin/arm-linux-gnueabi-g++   -v -o CMakeFiles/cmTC_13238.dir/CMakeCXXCompilerABI.cpp.o -c /usr/share/cmake-3.22/Modules/CMakeCXXCompilerABI.cpp
Using built-in specs.
COLLECT_GCC=/opt/amlogic/gcc-linaro-6.3.1-2017.05-x86_64_arm-linux-gnueabi/bin/arm-linux-gnueabi-g++
Target: arm-linux-gnueabi
Configured with: '/home/tcwg-buildslave/workspace/tcwg-make-release/builder_arch/amd64/label/tcwg-x86_64-build/target/arm-linux-gnueabi/snapshots/gcc.git~linaro-6.3-2017.05/configure' SHELL=/bin/bash --with-mpc=/home/tcwg-buildslave/workspace/tcwg-make-release/builder_arch/amd64/label/tcwg-x86_64-build/target/arm-linux-gnueabi/_build/builds/destdir/x86_64-unknown-linux-gnu --with-mpfr=/home/tcwg-buildslave/workspace/tcwg-make-release/builder_arch/amd64/label/tcwg-x86_64-build/target/arm-linux-gnueabi/_build/builds/destdir/x86_64-unknown-linux-gnu --with-gmp=/home/tcwg-buildslave/workspace/tcwg-make-release/builder_arch/amd64/label/tcwg-x86_64-build/target/arm-linux-gnueabi/_build/builds/destdir/x86_64-unknown-linux-gnu --with-gnu-as --with-gnu-ld --disable-libmudflap --enable-lto --enable-shared --without-included-gettext --enable-nls --disable-sjlj-exceptions --enable-gnu-unique-object --enable-linker-build-id --disable-libstdcxx-pch --enable-c99 --enable-clocale=gnu --enable-libstdcxx-debug --enable-long-long --with-cloog=no --with-ppl=no --with-isl=no --disable-multilib --with-float=soft --with-mode=thumb --with-tune=cortex-a9 --with-arch=armv7-a --enable-threads=posix --enable-multiarch --enable-libstdcxx-time=yes --enable-gnu-indirect-function --with-build-sysroot=/home/tcwg-buildslave/workspace/tcwg-make-release/builder_arch/amd64/label/tcwg-x86_64-build/target/arm-linux-gnueabi/_build/sysroots/arm-linux-gnueabi --with-sysroot=/home/tcwg-buildslave/workspace/tcwg-make-release/builder_arch/amd64/label/tcwg-x86_64-build/target/arm-linux-gnueabi/_build/builds/destdir/x86_64-unknown-linux-gnu/arm-linux-gnueabi/libc --enable-checking=release --disable-bootstrap --enable-languages=c,c++,fortran,lto --build=x86_64-unknown-linux-gnu --host=x86_64-unknown-linux-gnu --target=arm-linux-gnueabi --prefix=/home/tcwg-buildslave/workspace/tcwg-make-release/builder_arch/amd64/label/tcwg-x86_64-build/target/arm-linux-gnueabi/_build/builds/destdir/x86_64-unknown-linux-gnu
Thread model: posix
gcc version 6.3.1 20170404 (Linaro GCC 6.3-2017.05) 
COLLECT_GCC_OPTIONS='-v' '-o' 'CMakeFiles/cmTC_13238.dir/CMakeCXXCompilerABI.cpp.o' '-c' '-shared-libgcc' '-march=armv7-a' '-mtune=cortex-a9' '-mfloat-abi=soft' '-mthumb' '-mtls-dialect=gnu'
 /opt/amlogic/gcc-linaro-6.3.1-2017.05-x86_64_arm-linux-gnueabi/bin/../libexec/gcc/arm-linux-gnueabi/6.3.1/cc1plus -quiet -v -imultilib . -imultiarch arm-linux-gnueabi -iprefix /opt/amlogic/gcc-linaro-6.3.1-2017.05-x86_64_arm-linux-gnueabi/bin/../lib/gcc/arm-linux-gnueabi/6.3.1/ -isysroot /opt/amlogic/gcc-linaro-6.3.1-2017.05-x86_64_arm-linux-gnueabi/bin/../arm-linux-gnueabi/libc -D_GNU_SOURCE /usr/share/cmake-3.22/Modules/CMakeCXXCompilerABI.cpp -quiet -dumpbase CMakeCXXCompilerABI.cpp -march=armv7-a -mtune=cortex-a9 -mfloat-abi=soft -mthumb -mtls-dialect=gnu -auxbase-strip CMakeFiles/cmTC_13238.dir/CMakeCXXCompilerABI.cpp.o -version -o /tmp/ccGBXAar.s
GNU C++14 (Linaro GCC 6.3-2017.05) version 6.3.1 20170404 (arm-linux-gnueabi)
	compiled by GNU C version 4.8.4, GMP version 6.1.0, MPFR version 3.1.4, MPC version 1.0.3, isl version none
GGC heuristics: --param ggc-min-expand=100 --param ggc-min-heapsize=131072
ignoring duplicate directory "/opt/amlogic/gcc-linaro-6.3.1-2017.05-x86_64_arm-linux-gnueabi/bin/../lib/gcc/../../lib/gcc/arm-linux-gnueabi/6.3.1/../../../../arm-linux-gnueabi/include/c++/6.3.1"
ignoring duplicate directory "/opt/amlogic/gcc-linaro-6.3.1-2017.05-x86_64_arm-linux-gnueabi/bin/../lib/gcc/../../lib/gcc/arm-linux-gnueabi/6.3.1/../../../../arm-linux-gnueabi/include/c++/6.3.1/arm-linux-gnueabi/."
ignoring duplicate directory "/opt/amlogic/gcc-linaro-6.3.1-2017.05-x86_64_arm-linux-gnueabi/bin/../lib/gcc/../../lib/gcc/arm-linux-gnueabi/6.3.1/../../../../arm-linux-gnueabi/include/c++/6.3.1/backward"
ignoring duplicate directory "/opt/amlogic/gcc-linaro-6.3.1-2017.05-x86_64_arm-linux-gnueabi/bin/../lib/gcc/../../lib/gcc/arm-linux-gnueabi/6.3.1/include"
ignoring nonexistent directory "/opt/amlogic/gcc-linaro-6.3.1-2017.05-x86_64_arm-linux-gnueabi/bin/../arm-linux-gnueabi/libc/usr/local/include/arm-linux-gnueabi"
ignoring nonexistent directory "/opt/amlogic/gcc-linaro-6.3.1-2017.05-x86_64_arm-linux-gnueabi/bin/../arm-linux-gnueabi/libc/usr/local/include"
ignoring duplicate directory "/opt/amlogic/gcc-linaro-6.3.1-2017.05-x86_64_arm-linux-gnueabi/bin/../lib/gcc/../../lib/gcc/arm-linux-gnueabi/6.3.1/include-fixed"
ignoring duplicate directory "/opt/amlogic/gcc-linaro-6.3.1-2017.05-x86_64_arm-linux-gnueabi/bin/../lib/gcc/../../lib/gcc/arm-linux-gnueabi/6.3.1/../../../../arm-linux-gnueabi/include"
ignoring nonexistent directory "/opt/amlogic/gcc-linaro-6.3.1-2017.05-x86_64_arm-linux-gnueabi/bin/../arm-linux-gnueabi/libc/usr/include/arm-linux-gnueabi"
#include "..." search starts here:
#include <...> search starts here:
 /opt/amlogic/gcc-linaro-6.3.1-2017.05-x86_64_arm-linux-gnueabi/bin/../lib/gcc/arm-linux-gnueabi/6.3.1/../../../../arm-linux-gnueabi/include/c++/6.3.1
 /opt/amlogic/gcc-linaro-6.3.1-2017.05-x86_64_arm-linux-gnueabi/bin/../lib/gcc/arm-linux-gnueabi/6.3.1/../../../../arm-linux-gnueabi/include/c++/6.3.1/arm-linux-gnueabi/.
 /opt/amlogic/gcc-linaro-6.3.1-2017.05-x86_64_arm-linux-gnueabi/bin/../lib/gcc/arm-linux-gnueabi/6.3.1/../../../../arm-linux-gnueabi/include/c++/6.3.1/backward
 /opt/amlogic/gcc-linaro-6.3.1-2017.05-x86_64_arm-linux-gnueabi/bin/../lib/gcc/arm-linux-gnueabi/6.3.1/include
 /opt/amlogic/gcc-linaro-6.3.1-2017.05-x86_64_arm-linux-gnueabi/bin/../lib/gcc/arm-linux-gnueabi/6.3.1/include-fixed
 /opt/amlogic/gcc-linaro-6.3.1-2017.05-x86_64_arm-linux-gnueabi/bin/../lib/gcc/arm-linux-gnueabi/6.3.1/../../../../arm-linux-gnueabi/include
 /opt/amlogic/gcc-linaro-6.3.1-2017.05-x86_64_arm-linux-gnueabi/bin/../arm-linux-gnueabi/libc/usr/include
End of search list.
GNU C++14 (Linaro GCC 6.3-2017.05) version 6.3.1 20170404 (arm-linux-gnueabi)
	compiled by GNU C version 4.8.4, GMP version 6.1.0, MPFR version 3.1.4, MPC version 1.0.3, isl version none
GGC heuristics: --param ggc-min-expand=100 --param ggc-min-heapsize=131072
Compiler executable checksum: 3e7231eb7bd1ea022530b18a84fd1097
COLLECT_GCC_OPTIONS='-v' '-o' 'CMakeFiles/cmTC_13238.dir/CMakeCXXCompilerABI.cpp.o' '-c' '-shared-libgcc' '-march=armv7-a' '-mtune=cortex-a9' '-mfloat-abi=soft' '-mthumb' '-mtls-dialect=gnu'
 /opt/amlogic/gcc-linaro-6.3.1-2017.05-x86_64_arm-linux-gnueabi/bin/../lib/gcc/arm-linux-gnueabi/6.3.1/../../../../arm-linux-gnueabi/bin/as -v -march=armv7-a -mfloat-abi=soft -meabi=5 -o CMakeFiles/cmTC_13238.dir/CMakeCXXCompilerABI.cpp.o /tmp/ccGBXAar.s
GNU assembler version 2.27.0 (arm-linux-gnueabi) using BFD version (Linaro_Binutils-2017.05) 2.27.0.20161019
COMPILER_PATH=/opt/amlogic/gcc-linaro-6.3.1-2017.05-x86_64_arm-linux-gnueabi/bin/../libexec/gcc/arm-linux-gnueabi/6.3.1/:/opt/amlogic/gcc-linaro-6.3.1-2017.05-x86_64_arm-linux-gnueabi/bin/../libexec/gcc/arm-linux-gnueabi/:/opt/amlogic/gcc-linaro-6.3.1-2017.05-x86_64_arm-linux-gnueabi/bin/../libexec/gcc/:/opt/amlogic/gcc-linaro-6.3.1-2017.05-x86_64_arm-linux-gnueabi/bin/../lib/gcc/arm-linux-gnueabi/6.3.1/../../../../arm-linux-gnueabi/bin/
LIBRARY_PATH=/opt/amlogic/gcc-linaro-6.3.1-2017.05-x86_64_arm-linux-gnueabi/bin/../lib/gcc/arm-linux-gnueabi/6.3.1/:/opt/amlogic/gcc-linaro-6.3.1-2017.05-x86_64_arm-linux-gnueabi/bin/../lib/gcc/arm-linux-gnueabi/:/opt/amlogic/gcc-linaro-6.3.1-2017.05-x86_64_arm-linux-gnueabi/bin/../lib/gcc/:/opt/amlogic/gcc-linaro-6.3.1-2017.05-x86_64_arm-linux-gnueabi/bin/../lib/gcc/arm-linux-gnueabi/6.3.1/../../../../arm-linux-gnueabi/lib/:/opt/amlogic/gcc-linaro-6.3.1-2017.05-x86_64_arm-linux-gnueabi/bin/../arm-linux-gnueabi/libc/lib/:/opt/amlogic/gcc-linaro-6.3.1-2017.05-x86_64_arm-linux-gnueabi/bin/../arm-linux-gnueabi/libc/usr/lib/
COLLECT_GCC_OPTIONS='-v' '-o' 'CMakeFiles/cmTC_13238.dir/CMakeCXXCompilerABI.cpp.o' '-c' '-shared-libgcc' '-march=armv7-a' '-mtune=cortex-a9' '-mfloat-abi=soft' '-mthumb' '-mtls-dialect=gnu'
Linking CXX executable cmTC_13238
/usr/bin/cmake -E cmake_link_script CMakeFiles/cmTC_13238.dir/link.txt --verbose=1
/opt/amlogic/gcc-linaro-6.3.1-2017.05-x86_64_arm-linux-gnueabi/bin/arm-linux-gnueabi-g++  -v -rdynamic CMakeFiles/cmTC_13238.dir/CMakeCXXCompilerABI.cpp.o -o cmTC_13238 
Using built-in specs.
COLLECT_GCC=/opt/amlogic/gcc-linaro-6.3.1-2017.05-x86_64_arm-linux-gnueabi/bin/arm-linux-gnueabi-g++
COLLECT_LTO_WRAPPER=/opt/amlogic/gcc-linaro-6.3.1-2017.05-x86_64_arm-linux-gnueabi/bin/../libexec/gcc/arm-linux-gnueabi/6.3.1/lto-wrapper
Target: arm-linux-gnueabi
Configured with: '/home/tcwg-buildslave/workspace/tcwg-make-release/builder_arch/amd64/label/tcwg-x86_64-build/target/arm-linux-gnueabi/snapshots/gcc.git~linaro-6.3-2017.05/configure' SHELL=/bin/bash --with-mpc=/home/tcwg-buildslave/workspace/tcwg-make-release/builder_arch/amd64/label/tcwg-x86_64-build/target/arm-linux-gnueabi/_build/builds/destdir/x86_64-unknown-linux-gnu --with-mpfr=/home/tcwg-buildslave/workspace/tcwg-make-release/builder_arch/amd64/label/tcwg-x86_64-build/target/arm-linux-gnueabi/_build/builds/destdir/x86_64-unknown-linux-gnu --with-gmp=/home/tcwg-buildslave/workspace/tcwg-make-release/builder_arch/amd64/label/tcwg-x86_64-build/target/arm-linux-gnueabi/_build/builds/destdir/x86_64-unknown-linux-gnu --with-gnu-as --with-gnu-ld --disable-libmudflap --enable-lto --enable-shared --without-included-gettext --enable-nls --disable-sjlj-exceptions --enable-gnu-unique-object --enable-linker-build-id --disable-libstdcxx-pch --enable-c99 --enable-clocale=gnu --enable-libstdcxx-debug --enable-long-long --with-cloog=no --with-ppl=no --with-isl=no --disable-multilib --with-float=soft --with-mode=thumb --with-tune=cortex-a9 --with-arch=armv7-a --enable-threads=posix --enable-multiarch --enable-libstdcxx-time=yes --enable-gnu-indirect-function --with-build-sysroot=/home/tcwg-buildslave/workspace/tcwg-make-release/builder_arch/amd64/label/tcwg-x86_64-build/target/arm-linux-gnueabi/_build/sysroots/arm-linux-gnueabi --with-sysroot=/home/tcwg-buildslave/workspace/tcwg-make-release/builder_arch/amd64/label/tcwg-x86_64-build/target/arm-linux-gnueabi/_build/builds/destdir/x86_64-unknown-linux-gnu/arm-linux-gnueabi/libc --enable-checking=release --disable-bootstrap --enable-languages=c,c++,fortran,lto --build=x86_64-unknown-linux-gnu --host=x86_64-unknown-linux-gnu --target=arm-linux-gnueabi --prefix=/home/tcwg-buildslave/workspace/tcwg-make-release/builder_arch/amd64/label/tcwg-x86_64-build/target/arm-linux-gnueabi/_build/builds/destdir/x86_64-unknown-linux-gnu
Thread model: posix
gcc version 6.3.1 20170404 (Linaro GCC 6.3-2017.05) 
COMPILER_PATH=/opt/amlogic/gcc-linaro-6.3.1-2017.05-x86_64_arm-linux-gnueabi/bin/../libexec/gcc/arm-linux-gnueabi/6.3.1/:/opt/amlogic/gcc-linaro-6.3.1-2017.05-x86_64_arm-linux-gnueabi/bin/../libexec/gcc/arm-linux-gnueabi/:/opt/amlogic/gcc-linaro-6.3.1-2017.05-x86_64_arm-linux-gnueabi/bin/../libexec/gcc/:/opt/amlogic/gcc-linaro-6.3.1-2017.05-x86_64_arm-linux-gnueabi/bin/../lib/gcc/arm-linux-gnueabi/6.3.1/../../../../arm-linux-gnueabi/bin/
LIBRARY_PATH=/opt/amlogic/gcc-linaro-6.3.1-2017.05-x86_64_arm-linux-gnueabi/bin/../lib/gcc/arm-linux-gnueabi/6.3.1/:/opt/amlogic/gcc-linaro-6.3.1-2017.05-x86_64_arm-linux-gnueabi/bin/../lib/gcc/arm-linux-gnueabi/:/opt/amlogic/gcc-linaro-6.3.1-2017.05-x86_64_arm-linux-gnueabi/bin/../lib/gcc/:/opt/amlogic/gcc-linaro-6.3.1-2017.05-x86_64_arm-linux-gnueabi/bin/../lib/gcc/arm-linux-gnueabi/6.3.1/../../../../arm-linux-gnueabi/lib/:/opt/amlogic/gcc-linaro-6.3.1-2017.05-x86_64_arm-linux-gnueabi/bin/../arm-linux-gnueabi/libc/lib/:/opt/amlogic/gcc-linaro-6.3.1-2017.05-x86_64_arm-linux-gnueabi/bin/../arm-linux-gnueabi/libc/usr/lib/
COLLECT_GCC_OPTIONS='-v' '-rdynamic' '-o' 'cmTC_13238' '-shared-libgcc' '-march=armv7-a' '-mtune=cortex-a9' '-mfloat-abi=soft' '-mthumb' '-mtls-dialect=gnu'
 /opt/amlogic/gcc-linaro-6.3.1-2017.05-x86_64_arm-linux-gnueabi/bin/../libexec/gcc/arm-linux-gnueabi/6.3.1/collect2 -plugin /opt/amlogic/gcc-linaro-6.3.1-2017.05-x86_64_arm-linux-gnueabi/bin/../libexec/gcc/arm-linux-gnueabi/6.3.1/liblto_plugin.so -plugin-opt=/opt/amlogic/gcc-linaro-6.3.1-2017.05-x86_64_arm-linux-gnueabi/bin/../libexec/gcc/arm-linux-gnueabi/6.3.1/lto-wrapper -plugin-opt=-fresolution=/tmp/ccPKrnTg.res -plugin-opt=-pass-through=-lgcc_s -plugin-opt=-pass-through=-lgcc -plugin-opt=-pass-through=-lc -plugin-opt=-pass-through=-lgcc_s -plugin-opt=-pass-through=-lgcc --sysroot=/opt/amlogic/gcc-linaro-6.3.1-2017.05-x86_64_arm-linux-gnueabi/bin/../arm-linux-gnueabi/libc --build-id --eh-frame-hdr -export-dynamic -dynamic-linker /lib/ld-linux.so.3 -X -m armelf_linux_eabi -o cmTC_13238 /opt/amlogic/gcc-linaro-6.3.1-2017.05-x86_64_arm-linux-gnueabi/bin/../arm-linux-gnueabi/libc/usr/lib/crt1.o /opt/amlogic/gcc-linaro-6.3.1-2017.05-x86_64_arm-linux-gnueabi/bin/../arm-linux-gnueabi/libc/usr/lib/crti.o /opt/amlogic/gcc-linaro-6.3.1-2017.05-x86_64_arm-linux-gnueabi/bin/../lib/gcc/arm-linux-gnueabi/6.3.1/crtbegin.o -L/opt/amlogic/gcc-linaro-6.3.1-2017.05-x86_64_arm-linux-gnueabi/bin/../lib/gcc/arm-linux-gnueabi/6.3.1 -L/opt/amlogic/gcc-linaro-6.3.1-2017.05-x86_64_arm-linux-gnueabi/bin/../lib/gcc/arm-linux-gnueabi -L/opt/amlogic/gcc-linaro-6.3.1-2017.05-x86_64_arm-linux-gnueabi/bin/../lib/gcc -L/opt/amlogic/gcc-linaro-6.3.1-2017.05-x86_64_arm-linux-gnueabi/bin/../lib/gcc/arm-linux-gnueabi/6.3.1/../../../../arm-linux-gnueabi/lib -L/opt/amlogic/gcc-linaro-6.3.1-2017.05-x86_64_arm-linux-gnueabi/bin/../arm-linux-gnueabi/libc/lib -L/opt/amlogic/gcc-linaro-6.3.1-2017.05-x86_64_arm-linux-gnueabi/bin/../arm-linux-gnueabi/libc/usr/lib CMakeFiles/cmTC_13238.dir/CMakeCXXCompilerABI.cpp.o -lstdc++ -lm -lgcc_s -lgcc -lc -lgcc_s -lgcc /opt/amlogic/gcc-linaro-6.3.1-2017.05-x86_64_arm-linux-gnueabi/bin/../lib/gcc/arm-linux-gnueabi/6.3.1/crtend.o /opt/amlogic/gcc-linaro-6.3.1-2017.05-x86_64_arm-linux-gnueabi/bin/../arm-linux-gnueabi/libc/usr/lib/crtn.o
COLLECT_GCC_OPTIONS='-v' '-rdynamic' '-o' 'cmTC_13238' '-shared-libgcc' '-march=armv7-a' '-mtune=cortex-a9' '-mfloat-abi=soft' '-mthumb' '-mtls-dialect=gnu'
gmake[1]: Leaving directory '/home/jhwang/PROJECT/Netgeer/mine/rockchip_app/mpp/temp/CMakeFiles/CMakeTmp'



Parsed CXX implicit include dir info from above output: rv=done
  found start of include info
  found start of implicit include info
    add: [/opt/amlogic/gcc-linaro-6.3.1-2017.05-x86_64_arm-linux-gnueabi/bin/../lib/gcc/arm-linux-gnueabi/6.3.1/../../../../arm-linux-gnueabi/include/c++/6.3.1]
    add: [/opt/amlogic/gcc-linaro-6.3.1-2017.05-x86_64_arm-linux-gnueabi/bin/../lib/gcc/arm-linux-gnueabi/6.3.1/../../../../arm-linux-gnueabi/include/c++/6.3.1/arm-linux-gnueabi/.]
    add: [/opt/amlogic/gcc-linaro-6.3.1-2017.05-x86_64_arm-linux-gnueabi/bin/../lib/gcc/arm-linux-gnueabi/6.3.1/../../../../arm-linux-gnueabi/include/c++/6.3.1/backward]
    add: [/opt/amlogic/gcc-linaro-6.3.1-2017.05-x86_64_arm-linux-gnueabi/bin/../lib/gcc/arm-linux-gnueabi/6.3.1/include]
    add: [/opt/amlogic/gcc-linaro-6.3.1-2017.05-x86_64_arm-linux-gnueabi/bin/../lib/gcc/arm-linux-gnueabi/6.3.1/include-fixed]
    add: [/opt/amlogic/gcc-linaro-6.3.1-2017.05-x86_64_arm-linux-gnueabi/bin/../lib/gcc/arm-linux-gnueabi/6.3.1/../../../../arm-linux-gnueabi/include]
    add: [/opt/amlogic/gcc-linaro-6.3.1-2017.05-x86_64_arm-linux-gnueabi/bin/../arm-linux-gnueabi/libc/usr/include]
  end of search list found
  collapse include dir [/opt/amlogic/gcc-linaro-6.3.1-2017.05-x86_64_arm-linux-gnueabi/bin/../lib/gcc/arm-linux-gnueabi/6.3.1/../../../../arm-linux-gnueabi/include/c++/6.3.1] ==> [/opt/amlogic/gcc-linaro-6.3.1-2017.05-x86_64_arm-linux-gnueabi/arm-linux-gnueabi/include/c++/6.3.1]
  collapse include dir [/opt/amlogic/gcc-linaro-6.3.1-2017.05-x86_64_arm-linux-gnueabi/bin/../lib/gcc/arm-linux-gnueabi/6.3.1/../../../../arm-linux-gnueabi/include/c++/6.3.1/arm-linux-gnueabi/.] ==> [/opt/amlogic/gcc-linaro-6.3.1-2017.05-x86_64_arm-linux-gnueabi/arm-linux-gnueabi/include/c++/6.3.1/arm-linux-gnueabi]
  collapse include dir [/opt/amlogic/gcc-linaro-6.3.1-2017.05-x86_64_arm-linux-gnueabi/bin/../lib/gcc/arm-linux-gnueabi/6.3.1/../../../../arm-linux-gnueabi/include/c++/6.3.1/backward] ==> [/opt/amlogic/gcc-linaro-6.3.1-2017.05-x86_64_arm-linux-gnueabi/arm-linux-gnueabi/include/c++/6.3.1/backward]
  collapse include dir [/opt/amlogic/gcc-linaro-6.3.1-2017.05-x86_64_arm-linux-gnueabi/bin/../lib/gcc/arm-linux-gnueabi/6.3.1/include] ==> [/opt/amlogic/gcc-linaro-6.3.1-2017.05-x86_64_arm-linux-gnueabi/lib/gcc/arm-linux-gnueabi/6.3.1/include]
  collapse include dir [/opt/amlogic/gcc-linaro-6.3.1-2017.05-x86_64_arm-linux-gnueabi/bin/../lib/gcc/arm-linux-gnueabi/6.3.1/include-fixed] ==> [/opt/amlogic/gcc-linaro-6.3.1-2017.05-x86_64_arm-linux-gnueabi/lib/gcc/arm-linux-gnueabi/6.3.1/include-fixed]
  collapse include dir [/opt/amlogic/gcc-linaro-6.3.1-2017.05-x86_64_arm-linux-gnueabi/bin/../lib/gcc/arm-linux-gnueabi/6.3.1/../../../../arm-linux-gnueabi/include] ==> [/opt/amlogic/gcc-linaro-6.3.1-2017.05-x86_64_arm-linux-gnueabi/arm-linux-gnueabi/include]
  collapse include dir [/opt/amlogic/gcc-linaro-6.3.1-2017.05-x86_64_arm-linux-gnueabi/bin/../arm-linux-gnueabi/libc/usr/include] ==> [/opt/amlogic/gcc-linaro-6.3.1-2017.05-x86_64_arm-linux-gnueabi/arm-linux-gnueabi/libc/usr/include]
  implicit include dirs: [/opt/amlogic/gcc-linaro-6.3.1-2017.05-x86_64_arm-linux-gnueabi/arm-linux-gnueabi/include/c++/6.3.1;/opt/amlogic/gcc-linaro-6.3.1-2017.05-x86_64_arm-linux-gnueabi/arm-linux-gnueabi/include/c++/6.3.1/arm-linux-gnueabi;/opt/amlogic/gcc-linaro-6.3.1-2017.05-x86_64_arm-linux-gnueabi/arm-linux-gnueabi/include/c++/6.3.1/backward;/opt/amlogic/gcc-linaro-6.3.1-2017.05-x86_64_arm-linux-gnueabi/lib/gcc/arm-linux-gnueabi/6.3.1/include;/opt/amlogic/gcc-linaro-6.3.1-2017.05-x86_64_arm-linux-gnueabi/lib/gcc/arm-linux-gnueabi/6.3.1/include-fixed;/opt/amlogic/gcc-linaro-6.3.1-2017.05-x86_64_arm-linux-gnueabi/arm-linux-gnueabi/include;/opt/amlogic/gcc-linaro-6.3.1-2017.05-x86_64_arm-linux-gnueabi/arm-linux-gnueabi/libc/usr/include]


Parsed CXX implicit link information from above output:
  link line regex: [^( *|.*[/\])(arm-linux-gnueabi-ld|CMAKE_LINK_STARTFILE-NOTFOUND|([^/\]+-)?ld|collect2)[^/\]*( |$)]
  ignore line: [Change Dir: /home/jhwang/PROJECT/Netgeer/mine/rockchip_app/mpp/temp/CMakeFiles/CMakeTmp]
  ignore line: []
  ignore line: [Run Build Command(s):/usr/bin/gmake -f Makefile cmTC_13238/fast && /usr/bin/gmake  -f CMakeFiles/cmTC_13238.dir/build.make CMakeFiles/cmTC_13238.dir/build]
  ignore line: [gmake[1]: Entering directory '/home/jhwang/PROJECT/Netgeer/mine/rockchip_app/mpp/temp/CMakeFiles/CMakeTmp']
  ignore line: [Building CXX object CMakeFiles/cmTC_13238.dir/CMakeCXXCompilerABI.cpp.o]
  ignore line: [/opt/amlogic/gcc-linaro-6.3.1-2017.05-x86_64_arm-linux-gnueabi/bin/arm-linux-gnueabi-g++   -v -o CMakeFiles/cmTC_13238.dir/CMakeCXXCompilerABI.cpp.o -c /usr/share/cmake-3.22/Modules/CMakeCXXCompilerABI.cpp]
  ignore line: [Using built-in specs.]
  ignore line: [COLLECT_GCC=/opt/amlogic/gcc-linaro-6.3.1-2017.05-x86_64_arm-linux-gnueabi/bin/arm-linux-gnueabi-g++]
  ignore line: [Target: arm-linux-gnueabi]
  ignore line: [Configured with: '/home/tcwg-buildslave/workspace/tcwg-make-release/builder_arch/amd64/label/tcwg-x86_64-build/target/arm-linux-gnueabi/snapshots/gcc.git~linaro-6.3-2017.05/configure' SHELL=/bin/bash --with-mpc=/home/tcwg-buildslave/workspace/tcwg-make-release/builder_arch/amd64/label/tcwg-x86_64-build/target/arm-linux-gnueabi/_build/builds/destdir/x86_64-unknown-linux-gnu --with-mpfr=/home/tcwg-buildslave/workspace/tcwg-make-release/builder_arch/amd64/label/tcwg-x86_64-build/target/arm-linux-gnueabi/_build/builds/destdir/x86_64-unknown-linux-gnu --with-gmp=/home/tcwg-buildslave/workspace/tcwg-make-release/builder_arch/amd64/label/tcwg-x86_64-build/target/arm-linux-gnueabi/_build/builds/destdir/x86_64-unknown-linux-gnu --with-gnu-as --with-gnu-ld --disable-libmudflap --enable-lto --enable-shared --without-included-gettext --enable-nls --disable-sjlj-exceptions --enable-gnu-unique-object --enable-linker-build-id --disable-libstdcxx-pch --enable-c99 --enable-clocale=gnu --enable-libstdcxx-debug --enable-long-long --with-cloog=no --with-ppl=no --with-isl=no --disable-multilib --with-float=soft --with-mode=thumb --with-tune=cortex-a9 --with-arch=armv7-a --enable-threads=posix --enable-multiarch --enable-libstdcxx-time=yes --enable-gnu-indirect-function --with-build-sysroot=/home/tcwg-buildslave/workspace/tcwg-make-release/builder_arch/amd64/label/tcwg-x86_64-build/target/arm-linux-gnueabi/_build/sysroots/arm-linux-gnueabi --with-sysroot=/home/tcwg-buildslave/workspace/tcwg-make-release/builder_arch/amd64/label/tcwg-x86_64-build/target/arm-linux-gnueabi/_build/builds/destdir/x86_64-unknown-linux-gnu/arm-linux-gnueabi/libc --enable-checking=release --disable-bootstrap --enable-languages=c,c++,fortran,lto --build=x86_64-unknown-linux-gnu --host=x86_64-unknown-linux-gnu --target=arm-linux-gnueabi --prefix=/home/tcwg-buildslave/workspace/tcwg-make-release/builder_arch/amd64/label/tcwg-x86_64-build/target/arm-linux-gnueabi/_build/builds/destdir/x86_64-unknown-linux-gnu]
  ignore line: [Thread model: posix]
  ignore line: [gcc version 6.3.1 20170404 (Linaro GCC 6.3-2017.05) ]
  ignore line: [COLLECT_GCC_OPTIONS='-v' '-o' 'CMakeFiles/cmTC_13238.dir/CMakeCXXCompilerABI.cpp.o' '-c' '-shared-libgcc' '-march=armv7-a' '-mtune=cortex-a9' '-mfloat-abi=soft' '-mthumb' '-mtls-dialect=gnu']
  ignore line: [ /opt/amlogic/gcc-linaro-6.3.1-2017.05-x86_64_arm-linux-gnueabi/bin/../libexec/gcc/arm-linux-gnueabi/6.3.1/cc1plus -quiet -v -imultilib . -imultiarch arm-linux-gnueabi -iprefix /opt/amlogic/gcc-linaro-6.3.1-2017.05-x86_64_arm-linux-gnueabi/bin/../lib/gcc/arm-linux-gnueabi/6.3.1/ -isysroot /opt/amlogic/gcc-linaro-6.3.1-2017.05-x86_64_arm-linux-gnueabi/bin/../arm-linux-gnueabi/libc -D_GNU_SOURCE /usr/share/cmake-3.22/Modules/CMakeCXXCompilerABI.cpp -quiet -dumpbase CMakeCXXCompilerABI.cpp -march=armv7-a -mtune=cortex-a9 -mfloat-abi=soft -mthumb -mtls-dialect=gnu -auxbase-strip CMakeFiles/cmTC_13238.dir/CMakeCXXCompilerABI.cpp.o -version -o /tmp/ccGBXAar.s]
  ignore line: [GNU C++14 (Linaro GCC 6.3-2017.05) version 6.3.1 20170404 (arm-linux-gnueabi)]
  ignore line: [	compiled by GNU C version 4.8.4  GMP version 6.1.0  MPFR version 3.1.4  MPC version 1.0.3  isl version none]
  ignore line: [GGC heuristics: --param ggc-min-expand=100 --param ggc-min-heapsize=131072]
  ignore line: [ignoring duplicate directory "/opt/amlogic/gcc-linaro-6.3.1-2017.05-x86_64_arm-linux-gnueabi/bin/../lib/gcc/../../lib/gcc/arm-linux-gnueabi/6.3.1/../../../../arm-linux-gnueabi/include/c++/6.3.1"]
  ignore line: [ignoring duplicate directory "/opt/amlogic/gcc-linaro-6.3.1-2017.05-x86_64_arm-linux-gnueabi/bin/../lib/gcc/../../lib/gcc/arm-linux-gnueabi/6.3.1/../../../../arm-linux-gnueabi/include/c++/6.3.1/arm-linux-gnueabi/."]
  ignore line: [ignoring duplicate directory "/opt/amlogic/gcc-linaro-6.3.1-2017.05-x86_64_arm-linux-gnueabi/bin/../lib/gcc/../../lib/gcc/arm-linux-gnueabi/6.3.1/../../../../arm-linux-gnueabi/include/c++/6.3.1/backward"]
  ignore line: [ignoring duplicate directory "/opt/amlogic/gcc-linaro-6.3.1-2017.05-x86_64_arm-linux-gnueabi/bin/../lib/gcc/../../lib/gcc/arm-linux-gnueabi/6.3.1/include"]
  ignore line: [ignoring nonexistent directory "/opt/amlogic/gcc-linaro-6.3.1-2017.05-x86_64_arm-linux-gnueabi/bin/../arm-linux-gnueabi/libc/usr/local/include/arm-linux-gnueabi"]
  ignore line: [ignoring nonexistent directory "/opt/amlogic/gcc-linaro-6.3.1-2017.05-x86_64_arm-linux-gnueabi/bin/../arm-linux-gnueabi/libc/usr/local/include"]
  ignore line: [ignoring duplicate directory "/opt/amlogic/gcc-linaro-6.3.1-2017.05-x86_64_arm-linux-gnueabi/bin/../lib/gcc/../../lib/gcc/arm-linux-gnueabi/6.3.1/include-fixed"]
  ignore line: [ignoring duplicate directory "/opt/amlogic/gcc-linaro-6.3.1-2017.05-x86_64_arm-linux-gnueabi/bin/../lib/gcc/../../lib/gcc/arm-linux-gnueabi/6.3.1/../../../../arm-linux-gnueabi/include"]
  ignore line: [ignoring nonexistent directory "/opt/amlogic/gcc-linaro-6.3.1-2017.05-x86_64_arm-linux-gnueabi/bin/../arm-linux-gnueabi/libc/usr/include/arm-linux-gnueabi"]
  ignore line: [#include "..." search starts here:]
  ignore line: [#include <...> search starts here:]
  ignore line: [ /opt/amlogic/gcc-linaro-6.3.1-2017.05-x86_64_arm-linux-gnueabi/bin/../lib/gcc/arm-linux-gnueabi/6.3.1/../../../../arm-linux-gnueabi/include/c++/6.3.1]
  ignore line: [ /opt/amlogic/gcc-linaro-6.3.1-2017.05-x86_64_arm-linux-gnueabi/bin/../lib/gcc/arm-linux-gnueabi/6.3.1/../../../../arm-linux-gnueabi/include/c++/6.3.1/arm-linux-gnueabi/.]
  ignore line: [ /opt/amlogic/gcc-linaro-6.3.1-2017.05-x86_64_arm-linux-gnueabi/bin/../lib/gcc/arm-linux-gnueabi/6.3.1/../../../../arm-linux-gnueabi/include/c++/6.3.1/backward]
  ignore line: [ /opt/amlogic/gcc-linaro-6.3.1-2017.05-x86_64_arm-linux-gnueabi/bin/../lib/gcc/arm-linux-gnueabi/6.3.1/include]
  ignore line: [ /opt/amlogic/gcc-linaro-6.3.1-2017.05-x86_64_arm-linux-gnueabi/bin/../lib/gcc/arm-linux-gnueabi/6.3.1/include-fixed]
  ignore line: [ /opt/amlogic/gcc-linaro-6.3.1-2017.05-x86_64_arm-linux-gnueabi/bin/../lib/gcc/arm-linux-gnueabi/6.3.1/../../../../arm-linux-gnueabi/include]
  ignore line: [ /opt/amlogic/gcc-linaro-6.3.1-2017.05-x86_64_arm-linux-gnueabi/bin/../arm-linux-gnueabi/libc/usr/include]
  ignore line: [End of search list.]
  ignore line: [GNU C++14 (Linaro GCC 6.3-2017.05) version 6.3.1 20170404 (arm-linux-gnueabi)]
  ignore line: [	compiled by GNU C version 4.8.4  GMP version 6.1.0  MPFR version 3.1.4  MPC version 1.0.3  isl version none]
  ignore line: [GGC heuristics: --param ggc-min-expand=100 --param ggc-min-heapsize=131072]
  ignore line: [Compiler executable checksum: 3e7231eb7bd1ea022530b18a84fd1097]
  ignore line: [COLLECT_GCC_OPTIONS='-v' '-o' 'CMakeFiles/cmTC_13238.dir/CMakeCXXCompilerABI.cpp.o' '-c' '-shared-libgcc' '-march=armv7-a' '-mtune=cortex-a9' '-mfloat-abi=soft' '-mthumb' '-mtls-dialect=gnu']
  ignore line: [ /opt/amlogic/gcc-linaro-6.3.1-2017.05-x86_64_arm-linux-gnueabi/bin/../lib/gcc/arm-linux-gnueabi/6.3.1/../../../../arm-linux-gnueabi/bin/as -v -march=armv7-a -mfloat-abi=soft -meabi=5 -o CMakeFiles/cmTC_13238.dir/CMakeCXXCompilerABI.cpp.o /tmp/ccGBXAar.s]
  ignore line: [GNU assembler version 2.27.0 (arm-linux-gnueabi) using BFD version (Linaro_Binutils-2017.05) 2.27.0.20161019]
  ignore line: [COMPILER_PATH=/opt/amlogic/gcc-linaro-6.3.1-2017.05-x86_64_arm-linux-gnueabi/bin/../libexec/gcc/arm-linux-gnueabi/6.3.1/:/opt/amlogic/gcc-linaro-6.3.1-2017.05-x86_64_arm-linux-gnueabi/bin/../libexec/gcc/arm-linux-gnueabi/:/opt/amlogic/gcc-linaro-6.3.1-2017.05-x86_64_arm-linux-gnueabi/bin/../libexec/gcc/:/opt/amlogic/gcc-linaro-6.3.1-2017.05-x86_64_arm-linux-gnueabi/bin/../lib/gcc/arm-linux-gnueabi/6.3.1/../../../../arm-linux-gnueabi/bin/]
  ignore line: [LIBRARY_PATH=/opt/amlogic/gcc-linaro-6.3.1-2017.05-x86_64_arm-linux-gnueabi/bin/../lib/gcc/arm-linux-gnueabi/6.3.1/:/opt/amlogic/gcc-linaro-6.3.1-2017.05-x86_64_arm-linux-gnueabi/bin/../lib/gcc/arm-linux-gnueabi/:/opt/amlogic/gcc-linaro-6.3.1-2017.05-x86_64_arm-linux-gnueabi/bin/../lib/gcc/:/opt/amlogic/gcc-linaro-6.3.1-2017.05-x86_64_arm-linux-gnueabi/bin/../lib/gcc/arm-linux-gnueabi/6.3.1/../../../../arm-linux-gnueabi/lib/:/opt/amlogic/gcc-linaro-6.3.1-2017.05-x86_64_arm-linux-gnueabi/bin/../arm-linux-gnueabi/libc/lib/:/opt/amlogic/gcc-linaro-6.3.1-2017.05-x86_64_arm-linux-gnueabi/bin/../arm-linux-gnueabi/libc/usr/lib/]
  ignore line: [COLLECT_GCC_OPTIONS='-v' '-o' 'CMakeFiles/cmTC_13238.dir/CMakeCXXCompilerABI.cpp.o' '-c' '-shared-libgcc' '-march=armv7-a' '-mtune=cortex-a9' '-mfloat-abi=soft' '-mthumb' '-mtls-dialect=gnu']
  ignore line: [Linking CXX executable cmTC_13238]
  ignore line: [/usr/bin/cmake -E cmake_link_script CMakeFiles/cmTC_13238.dir/link.txt --verbose=1]
  ignore line: [/opt/amlogic/gcc-linaro-6.3.1-2017.05-x86_64_arm-linux-gnueabi/bin/arm-linux-gnueabi-g++  -v -rdynamic CMakeFiles/cmTC_13238.dir/CMakeCXXCompilerABI.cpp.o -o cmTC_13238 ]
  ignore line: [Using built-in specs.]
  ignore line: [COLLECT_GCC=/opt/amlogic/gcc-linaro-6.3.1-2017.05-x86_64_arm-linux-gnueabi/bin/arm-linux-gnueabi-g++]
  ignore line: [COLLECT_LTO_WRAPPER=/opt/amlogic/gcc-linaro-6.3.1-2017.05-x86_64_arm-linux-gnueabi/bin/../libexec/gcc/arm-linux-gnueabi/6.3.1/lto-wrapper]
  ignore line: [Target: arm-linux-gnueabi]
  ignore line: [Configured with: '/home/tcwg-buildslave/workspace/tcwg-make-release/builder_arch/amd64/label/tcwg-x86_64-build/target/arm-linux-gnueabi/snapshots/gcc.git~linaro-6.3-2017.05/configure' SHELL=/bin/bash --with-mpc=/home/tcwg-buildslave/workspace/tcwg-make-release/builder_arch/amd64/label/tcwg-x86_64-build/target/arm-linux-gnueabi/_build/builds/destdir/x86_64-unknown-linux-gnu --with-mpfr=/home/tcwg-buildslave/workspace/tcwg-make-release/builder_arch/amd64/label/tcwg-x86_64-build/target/arm-linux-gnueabi/_build/builds/destdir/x86_64-unknown-linux-gnu --with-gmp=/home/tcwg-buildslave/workspace/tcwg-make-release/builder_arch/amd64/label/tcwg-x86_64-build/target/arm-linux-gnueabi/_build/builds/destdir/x86_64-unknown-linux-gnu --with-gnu-as --with-gnu-ld --disable-libmudflap --enable-lto --enable-shared --without-included-gettext --enable-nls --disable-sjlj-exceptions --enable-gnu-unique-object --enable-linker-build-id --disable-libstdcxx-pch --enable-c99 --enable-clocale=gnu --enable-libstdcxx-debug --enable-long-long --with-cloog=no --with-ppl=no --with-isl=no --disable-multilib --with-float=soft --with-mode=thumb --with-tune=cortex-a9 --with-arch=armv7-a --enable-threads=posix --enable-multiarch --enable-libstdcxx-time=yes --enable-gnu-indirect-function --with-build-sysroot=/home/tcwg-buildslave/workspace/tcwg-make-release/builder_arch/amd64/label/tcwg-x86_64-build/target/arm-linux-gnueabi/_build/sysroots/arm-linux-gnueabi --with-sysroot=/home/tcwg-buildslave/workspace/tcwg-make-release/builder_arch/amd64/label/tcwg-x86_64-build/target/arm-linux-gnueabi/_build/builds/destdir/x86_64-unknown-linux-gnu/arm-linux-gnueabi/libc --enable-checking=release --disable-bootstrap --enable-languages=c,c++,fortran,lto --build=x86_64-unknown-linux-gnu --host=x86_64-unknown-linux-gnu --target=arm-linux-gnueabi --prefix=/home/tcwg-buildslave/workspace/tcwg-make-release/builder_arch/amd64/label/tcwg-x86_64-build/target/arm-linux-gnueabi/_build/builds/destdir/x86_64-unknown-linux-gnu]
  ignore line: [Thread model: posix]
  ignore line: [gcc version 6.3.1 20170404 (Linaro GCC 6.3-2017.05) ]
  ignore line: [COMPILER_PATH=/opt/amlogic/gcc-linaro-6.3.1-2017.05-x86_64_arm-linux-gnueabi/bin/../libexec/gcc/arm-linux-gnueabi/6.3.1/:/opt/amlogic/gcc-linaro-6.3.1-2017.05-x86_64_arm-linux-gnueabi/bin/../libexec/gcc/arm-linux-gnueabi/:/opt/amlogic/gcc-linaro-6.3.1-2017.05-x86_64_arm-linux-gnueabi/bin/../libexec/gcc/:/opt/amlogic/gcc-linaro-6.3.1-2017.05-x86_64_arm-linux-gnueabi/bin/../lib/gcc/arm-linux-gnueabi/6.3.1/../../../../arm-linux-gnueabi/bin/]
  ignore line: [LIBRARY_PATH=/opt/amlogic/gcc-linaro-6.3.1-2017.05-x86_64_arm-linux-gnueabi/bin/../lib/gcc/arm-linux-gnueabi/6.3.1/:/opt/amlogic/gcc-linaro-6.3.1-2017.05-x86_64_arm-linux-gnueabi/bin/../lib/gcc/arm-linux-gnueabi/:/opt/amlogic/gcc-linaro-6.3.1-2017.05-x86_64_arm-linux-gnueabi/bin/../lib/gcc/:/opt/amlogic/gcc-linaro-6.3.1-2017.05-x86_64_arm-linux-gnueabi/bin/../lib/gcc/arm-linux-gnueabi/6.3.1/../../../../arm-linux-gnueabi/lib/:/opt/amlogic/gcc-linaro-6.3.1-2017.05-x86_64_arm-linux-gnueabi/bin/../arm-linux-gnueabi/libc/lib/:/opt/amlogic/gcc-linaro-6.3.1-2017.05-x86_64_arm-linux-gnueabi/bin/../arm-linux-gnueabi/libc/usr/lib/]
  ignore line: [COLLECT_GCC_OPTIONS='-v' '-rdynamic' '-o' 'cmTC_13238' '-shared-libgcc' '-march=armv7-a' '-mtune=cortex-a9' '-mfloat-abi=soft' '-mthumb' '-mtls-dialect=gnu']
  link line: [ /opt/amlogic/gcc-linaro-6.3.1-2017.05-x86_64_arm-linux-gnueabi/bin/../libexec/gcc/arm-linux-gnueabi/6.3.1/collect2 -plugin /opt/amlogic/gcc-linaro-6.3.1-2017.05-x86_64_arm-linux-gnueabi/bin/../libexec/gcc/arm-linux-gnueabi/6.3.1/liblto_plugin.so -plugin-opt=/opt/amlogic/gcc-linaro-6.3.1-2017.05-x86_64_arm-linux-gnueabi/bin/../libexec/gcc/arm-linux-gnueabi/6.3.1/lto-wrapper -plugin-opt=-fresolution=/tmp/ccPKrnTg.res -plugin-opt=-pass-through=-lgcc_s -plugin-opt=-pass-through=-lgcc -plugin-opt=-pass-through=-lc -plugin-opt=-pass-through=-lgcc_s -plugin-opt=-pass-through=-lgcc --sysroot=/opt/amlogic/gcc-linaro-6.3.1-2017.05-x86_64_arm-linux-gnueabi/bin/../arm-linux-gnueabi/libc --build-id --eh-frame-hdr -export-dynamic -dynamic-linker /lib/ld-linux.so.3 -X -m armelf_linux_eabi -o cmTC_13238 /opt/amlogic/gcc-linaro-6.3.1-2017.05-x86_64_arm-linux-gnueabi/bin/../arm-linux-gnueabi/libc/usr/lib/crt1.o /opt/amlogic/gcc-linaro-6.3.1-2017.05-x86_64_arm-linux-gnueabi/bin/../arm-linux-gnueabi/libc/usr/lib/crti.o /opt/amlogic/gcc-linaro-6.3.1-2017.05-x86_64_arm-linux-gnueabi/bin/../lib/gcc/arm-linux-gnueabi/6.3.1/crtbegin.o -L/opt/amlogic/gcc-linaro-6.3.1-2017.05-x86_64_arm-linux-gnueabi/bin/../lib/gcc/arm-linux-gnueabi/6.3.1 -L/opt/amlogic/gcc-linaro-6.3.1-2017.05-x86_64_arm-linux-gnueabi/bin/../lib/gcc/arm-linux-gnueabi -L/opt/amlogic/gcc-linaro-6.3.1-2017.05-x86_64_arm-linux-gnueabi/bin/../lib/gcc -L/opt/amlogic/gcc-linaro-6.3.1-2017.05-x86_64_arm-linux-gnueabi/bin/../lib/gcc/arm-linux-gnueabi/6.3.1/../../../../arm-linux-gnueabi/lib -L/opt/amlogic/gcc-linaro-6.3.1-2017.05-x86_64_arm-linux-gnueabi/bin/../arm-linux-gnueabi/libc/lib -L/opt/amlogic/gcc-linaro-6.3.1-2017.05-x86_64_arm-linux-gnueabi/bin/../arm-linux-gnueabi/libc/usr/lib CMakeFiles/cmTC_13238.dir/CMakeCXXCompilerABI.cpp.o -lstdc++ -lm -lgcc_s -lgcc -lc -lgcc_s -lgcc /opt/amlogic/gcc-linaro-6.3.1-2017.05-x86_64_arm-linux-gnueabi/bin/../lib/gcc/arm-linux-gnueabi/6.3.1/crtend.o /opt/amlogic/gcc-linaro-6.3.1-2017.05-x86_64_arm-linux-gnueabi/bin/../arm-linux-gnueabi/libc/usr/lib/crtn.o]
    arg [/opt/amlogic/gcc-linaro-6.3.1-2017.05-x86_64_arm-linux-gnueabi/bin/../libexec/gcc/arm-linux-gnueabi/6.3.1/collect2] ==> ignore
    arg [-plugin] ==> ignore
    arg [/opt/amlogic/gcc-linaro-6.3.1-2017.05-x86_64_arm-linux-gnueabi/bin/../libexec/gcc/arm-linux-gnueabi/6.3.1/liblto_plugin.so] ==> ignore
    arg [-plugin-opt=/opt/amlogic/gcc-linaro-6.3.1-2017.05-x86_64_arm-linux-gnueabi/bin/../libexec/gcc/arm-linux-gnueabi/6.3.1/lto-wrapper] ==> ignore
    arg [-plugin-opt=-fresolution=/tmp/ccPKrnTg.res] ==> ignore
    arg [-plugin-opt=-pass-through=-lgcc_s] ==> ignore
    arg [-plugin-opt=-pass-through=-lgcc] ==> ignore
    arg [-plugin-opt=-pass-through=-lc] ==> ignore
    arg [-plugin-opt=-pass-through=-lgcc_s] ==> ignore
    arg [-plugin-opt=-pass-through=-lgcc] ==> ignore
    arg [--sysroot=/opt/amlogic/gcc-linaro-6.3.1-2017.05-x86_64_arm-linux-gnueabi/bin/../arm-linux-gnueabi/libc] ==> ignore
    arg [--build-id] ==> ignore
    arg [--eh-frame-hdr] ==> ignore
    arg [-export-dynamic] ==> ignore
    arg [-dynamic-linker] ==> ignore
    arg [/lib/ld-linux.so.3] ==> ignore
    arg [-X] ==> ignore
    arg [-m] ==> ignore
    arg [armelf_linux_eabi] ==> ignore
    arg [-o] ==> ignore
    arg [cmTC_13238] ==> ignore
    arg [/opt/amlogic/gcc-linaro-6.3.1-2017.05-x86_64_arm-linux-gnueabi/bin/../arm-linux-gnueabi/libc/usr/lib/crt1.o] ==> obj [/opt/amlogic/gcc-linaro-6.3.1-2017.05-x86_64_arm-linux-gnueabi/bin/../arm-linux-gnueabi/libc/usr/lib/crt1.o]
    arg [/opt/amlogic/gcc-linaro-6.3.1-2017.05-x86_64_arm-linux-gnueabi/bin/../arm-linux-gnueabi/libc/usr/lib/crti.o] ==> obj [/opt/amlogic/gcc-linaro-6.3.1-2017.05-x86_64_arm-linux-gnueabi/bin/../arm-linux-gnueabi/libc/usr/lib/crti.o]
    arg [/opt/amlogic/gcc-linaro-6.3.1-2017.05-x86_64_arm-linux-gnueabi/bin/../lib/gcc/arm-linux-gnueabi/6.3.1/crtbegin.o] ==> obj [/opt/amlogic/gcc-linaro-6.3.1-2017.05-x86_64_arm-linux-gnueabi/bin/../lib/gcc/arm-linux-gnueabi/6.3.1/crtbegin.o]
    arg [-L/opt/amlogic/gcc-linaro-6.3.1-2017.05-x86_64_arm-linux-gnueabi/bin/../lib/gcc/arm-linux-gnueabi/6.3.1] ==> dir [/opt/amlogic/gcc-linaro-6.3.1-2017.05-x86_64_arm-linux-gnueabi/bin/../lib/gcc/arm-linux-gnueabi/6.3.1]
    arg [-L/opt/amlogic/gcc-linaro-6.3.1-2017.05-x86_64_arm-linux-gnueabi/bin/../lib/gcc/arm-linux-gnueabi] ==> dir [/opt/amlogic/gcc-linaro-6.3.1-2017.05-x86_64_arm-linux-gnueabi/bin/../lib/gcc/arm-linux-gnueabi]
    arg [-L/opt/amlogic/gcc-linaro-6.3.1-2017.05-x86_64_arm-linux-gnueabi/bin/../lib/gcc] ==> dir [/opt/amlogic/gcc-linaro-6.3.1-2017.05-x86_64_arm-linux-gnueabi/bin/../lib/gcc]
    arg [-L/opt/amlogic/gcc-linaro-6.3.1-2017.05-x86_64_arm-linux-gnueabi/bin/../lib/gcc/arm-linux-gnueabi/6.3.1/../../../../arm-linux-gnueabi/lib] ==> dir [/opt/amlogic/gcc-linaro-6.3.1-2017.05-x86_64_arm-linux-gnueabi/bin/../lib/gcc/arm-linux-gnueabi/6.3.1/../../../../arm-linux-gnueabi/lib]
    arg [-L/opt/amlogic/gcc-linaro-6.3.1-2017.05-x86_64_arm-linux-gnueabi/bin/../arm-linux-gnueabi/libc/lib] ==> dir [/opt/amlogic/gcc-linaro-6.3.1-2017.05-x86_64_arm-linux-gnueabi/bin/../arm-linux-gnueabi/libc/lib]
    arg [-L/opt/amlogic/gcc-linaro-6.3.1-2017.05-x86_64_arm-linux-gnueabi/bin/../arm-linux-gnueabi/libc/usr/lib] ==> dir [/opt/amlogic/gcc-linaro-6.3.1-2017.05-x86_64_arm-linux-gnueabi/bin/../arm-linux-gnueabi/libc/usr/lib]
    arg [CMakeFiles/cmTC_13238.dir/CMakeCXXCompilerABI.cpp.o] ==> ignore
    arg [-lstdc++] ==> lib [stdc++]
    arg [-lm] ==> lib [m]
    arg [-lgcc_s] ==> lib [gcc_s]
    arg [-lgcc] ==> lib [gcc]
    arg [-lc] ==> lib [c]
    arg [-lgcc_s] ==> lib [gcc_s]
    arg [-lgcc] ==> lib [gcc]
    arg [/opt/amlogic/gcc-linaro-6.3.1-2017.05-x86_64_arm-linux-gnueabi/bin/../lib/gcc/arm-linux-gnueabi/6.3.1/crtend.o] ==> obj [/opt/amlogic/gcc-linaro-6.3.1-2017.05-x86_64_arm-linux-gnueabi/bin/../lib/gcc/arm-linux-gnueabi/6.3.1/crtend.o]
    arg [/opt/amlogic/gcc-linaro-6.3.1-2017.05-x86_64_arm-linux-gnueabi/bin/../arm-linux-gnueabi/libc/usr/lib/crtn.o] ==> obj [/opt/amlogic/gcc-linaro-6.3.1-2017.05-x86_64_arm-linux-gnueabi/bin/../arm-linux-gnueabi/libc/usr/lib/crtn.o]
  collapse obj [/opt/amlogic/gcc-linaro-6.3.1-2017.05-x86_64_arm-linux-gnueabi/bin/../arm-linux-gnueabi/libc/usr/lib/crt1.o] ==> [/opt/amlogic/gcc-linaro-6.3.1-2017.05-x86_64_arm-linux-gnueabi/arm-linux-gnueabi/libc/usr/lib/crt1.o]
  collapse obj [/opt/amlogic/gcc-linaro-6.3.1-2017.05-x86_64_arm-linux-gnueabi/bin/../arm-linux-gnueabi/libc/usr/lib/crti.o] ==> [/opt/amlogic/gcc-linaro-6.3.1-2017.05-x86_64_arm-linux-gnueabi/arm-linux-gnueabi/libc/usr/lib/crti.o]
  collapse obj [/opt/amlogic/gcc-linaro-6.3.1-2017.05-x86_64_arm-linux-gnueabi/bin/../lib/gcc/arm-linux-gnueabi/6.3.1/crtbegin.o] ==> [/opt/amlogic/gcc-linaro-6.3.1-2017.05-x86_64_arm-linux-gnueabi/lib/gcc/arm-linux-gnueabi/6.3.1/crtbegin.o]
  collapse obj [/opt/amlogic/gcc-linaro-6.3.1-2017.05-x86_64_arm-linux-gnueabi/bin/../lib/gcc/arm-linux-gnueabi/6.3.1/crtend.o] ==> [/opt/amlogic/gcc-linaro-6.3.1-2017.05-x86_64_arm-linux-gnueabi/lib/gcc/arm-linux-gnueabi/6.3.1/crtend.o]
  collapse obj [/opt/amlogic/gcc-linaro-6.3.1-2017.05-x86_64_arm-linux-gnueabi/bin/../arm-linux-gnueabi/libc/usr/lib/crtn.o] ==> [/opt/amlogic/gcc-linaro-6.3.1-2017.05-x86_64_arm-linux-gnueabi/arm-linux-gnueabi/libc/usr/lib/crtn.o]
  collapse library dir [/opt/amlogic/gcc-linaro-6.3.1-2017.05-x86_64_arm-linux-gnueabi/bin/../lib/gcc/arm-linux-gnueabi/6.3.1] ==> [/opt/amlogic/gcc-linaro-6.3.1-2017.05-x86_64_arm-linux-gnueabi/lib/gcc/arm-linux-gnueabi/6.3.1]
  collapse library dir [/opt/amlogic/gcc-linaro-6.3.1-2017.05-x86_64_arm-linux-gnueabi/bin/../lib/gcc/arm-linux-gnueabi] ==> [/opt/amlogic/gcc-linaro-6.3.1-2017.05-x86_64_arm-linux-gnueabi/lib/gcc/arm-linux-gnueabi]
  collapse library dir [/opt/amlogic/gcc-linaro-6.3.1-2017.05-x86_64_arm-linux-gnueabi/bin/../lib/gcc] ==> [/opt/amlogic/gcc-linaro-6.3.1-2017.05-x86_64_arm-linux-gnueabi/lib/gcc]
  collapse library dir [/opt/amlogic/gcc-linaro-6.3.1-2017.05-x86_64_arm-linux-gnueabi/bin/../lib/gcc/arm-linux-gnueabi/6.3.1/../../../../arm-linux-gnueabi/lib] ==> [/opt/amlogic/gcc-linaro-6.3.1-2017.05-x86_64_arm-linux-gnueabi/arm-linux-gnueabi/lib]
  collapse library dir [/opt/amlogic/gcc-linaro-6.3.1-2017.05-x86_64_arm-linux-gnueabi/bin/../arm-linux-gnueabi/libc/lib] ==> [/opt/amlogic/gcc-linaro-6.3.1-2017.05-x86_64_arm-linux-gnueabi/arm-linux-gnueabi/libc/lib]
  collapse library dir [/opt/amlogic/gcc-linaro-6.3.1-2017.05-x86_64_arm-linux-gnueabi/bin/../arm-linux-gnueabi/libc/usr/lib] ==> [/opt/amlogic/gcc-linaro-6.3.1-2017.05-x86_64_arm-linux-gnueabi/arm-linux-gnueabi/libc/usr/lib]
  implicit libs: [stdc++;m;gcc_s;gcc;c;gcc_s;gcc]
  implicit objs: [/opt/amlogic/gcc-linaro-6.3.1-2017.05-x86_64_arm-linux-gnueabi/arm-linux-gnueabi/libc/usr/lib/crt1.o;/opt/amlogic/gcc-linaro-6.3.1-2017.05-x86_64_arm-linux-gnueabi/arm-linux-gnueabi/libc/usr/lib/crti.o;/opt/amlogic/gcc-linaro-6.3.1-2017.05-x86_64_arm-linux-gnueabi/lib/gcc/arm-linux-gnueabi/6.3.1/crtbegin.o;/opt/amlogic/gcc-linaro-6.3.1-2017.05-x86_64_arm-linux-gnueabi/lib/gcc/arm-linux-gnueabi/6.3.1/crtend.o;/opt/amlogic/gcc-linaro-6.3.1-2017.05-x86_64_arm-linux-gnueabi/arm-linux-gnueabi/libc/usr/lib/crtn.o]
  implicit dirs: [/opt/amlogic/gcc-linaro-6.3.1-2017.05-x86_64_arm-linux-gnueabi/lib/gcc/arm-linux-gnueabi/6.3.1;/opt/amlogic/gcc-linaro-6.3.1-2017.05-x86_64_arm-linux-gnueabi/lib/gcc/arm-linux-gnueabi;/opt/amlogic/gcc-linaro-6.3.1-2017.05-x86_64_arm-linux-gnueabi/lib/gcc;/opt/amlogic/gcc-linaro-6.3.1-2017.05-x86_64_arm-linux-gnueabi/arm-linux-gnueabi/lib;/opt/amlogic/gcc-linaro-6.3.1-2017.05-x86_64_arm-linux-gnueabi/arm-linux-gnueabi/libc/lib;/opt/amlogic/gcc-linaro-6.3.1-2017.05-x86_64_arm-linux-gnueabi/arm-linux-gnueabi/libc/usr/lib]
  implicit fwks: []


Performing C++ SOURCE FILE Test GCC_HAS_NO_NARROWING succeeded with the following output:
Change Dir: /home/jhwang/PROJECT/Netgeer/mine/rockchip_app/mpp/temp/CMakeFiles/CMakeTmp

Run Build Command(s):/usr/bin/gmake -f Makefile cmTC_5e88b/fast && /usr/bin/gmake  -f CMakeFiles/cmTC_5e88b.dir/build.make CMakeFiles/cmTC_5e88b.dir/build
gmake[1]: Entering directory '/home/jhwang/PROJECT/Netgeer/mine/rockchip_app/mpp/temp/CMakeFiles/CMakeTmp'
Building CXX object CMakeFiles/cmTC_5e88b.dir/src.cxx.o
/opt/amlogic/gcc-linaro-6.3.1-2017.05-x86_64_arm-linux-gnueabi/bin/arm-linux-gnueabi-g++ -DGCC_HAS_NO_NARROWING  -Wno-narrowing -o CMakeFiles/cmTC_5e88b.dir/src.cxx.o -c /home/jhwang/PROJECT/Netgeer/mine/rockchip_app/mpp/temp/CMakeFiles/CMakeTmp/src.cxx
Linking CXX executable cmTC_5e88b
/usr/bin/cmake -E cmake_link_script CMakeFiles/cmTC_5e88b.dir/link.txt --verbose=1
/opt/amlogic/gcc-linaro-6.3.1-2017.05-x86_64_arm-linux-gnueabi/bin/arm-linux-gnueabi-g++ -rdynamic CMakeFiles/cmTC_5e88b.dir/src.cxx.o -o cmTC_5e88b 
gmake[1]: Leaving directory '/home/jhwang/PROJECT/Netgeer/mine/rockchip_app/mpp/temp/CMakeFiles/CMakeTmp'


Source file was:
int main() { return 0; }
Determining if the include file pthread.h exists passed with the following output:
Change Dir: /home/jhwang/PROJECT/Netgeer/mine/rockchip_app/mpp/temp/CMakeFiles/CMakeTmp

Run Build Command(s):/usr/bin/gmake -f Makefile cmTC_e80c5/fast && /usr/bin/gmake  -f CMakeFiles/cmTC_e80c5.dir/build.make CMakeFiles/cmTC_e80c5.dir/build
gmake[1]: Entering directory '/home/jhwang/PROJECT/Netgeer/mine/rockchip_app/mpp/temp/CMakeFiles/CMakeTmp'
Building C object CMakeFiles/cmTC_e80c5.dir/CheckIncludeFile.c.o
/opt/amlogic/gcc-linaro-6.3.1-2017.05-x86_64_arm-linux-gnueabi/bin/arm-linux-gnueabi-gcc    -o CMakeFiles/cmTC_e80c5.dir/CheckIncludeFile.c.o -c /home/jhwang/PROJECT/Netgeer/mine/rockchip_app/mpp/temp/CMakeFiles/CMakeTmp/CheckIncludeFile.c
Linking C executable cmTC_e80c5
/usr/bin/cmake -E cmake_link_script CMakeFiles/cmTC_e80c5.dir/link.txt --verbose=1
/opt/amlogic/gcc-linaro-6.3.1-2017.05-x86_64_arm-linux-gnueabi/bin/arm-linux-gnueabi-gcc -rdynamic CMakeFiles/cmTC_e80c5.dir/CheckIncludeFile.c.o -o cmTC_e80c5 
gmake[1]: Leaving directory '/home/jhwang/PROJECT/Netgeer/mine/rockchip_app/mpp/temp/CMakeFiles/CMakeTmp'



Determining if the function pthread_create exists in the pthread passed with the following output:
Change Dir: /home/jhwang/PROJECT/Netgeer/mine/rockchip_app/mpp/temp/CMakeFiles/CMakeTmp

Run Build Command(s):/usr/bin/gmake -f Makefile cmTC_ea2fd/fast && /usr/bin/gmake  -f CMakeFiles/cmTC_ea2fd.dir/build.make CMakeFiles/cmTC_ea2fd.dir/build
gmake[1]: Entering directory '/home/jhwang/PROJECT/Netgeer/mine/rockchip_app/mpp/temp/CMakeFiles/CMakeTmp'
Building C object CMakeFiles/cmTC_ea2fd.dir/CheckFunctionExists.c.o
/opt/amlogic/gcc-linaro-6.3.1-2017.05-x86_64_arm-linux-gnueabi/bin/arm-linux-gnueabi-gcc   -DCHECK_FUNCTION_EXISTS=pthread_create -o CMakeFiles/cmTC_ea2fd.dir/CheckFunctionExists.c.o -c /usr/share/cmake-3.22/Modules/CheckFunctionExists.c
Linking C executable cmTC_ea2fd
/usr/bin/cmake -E cmake_link_script CMakeFiles/cmTC_ea2fd.dir/link.txt --verbose=1
/opt/amlogic/gcc-linaro-6.3.1-2017.05-x86_64_arm-linux-gnueabi/bin/arm-linux-gnueabi-gcc  -DCHECK_FUNCTION_EXISTS=pthread_create -rdynamic CMakeFiles/cmTC_ea2fd.dir/CheckFunctionExists.c.o -o cmTC_ea2fd  -lpthread 
gmake[1]: Leaving directory '/home/jhwang/PROJECT/Netgeer/mine/rockchip_app/mpp/temp/CMakeFiles/CMakeTmp'



