Performing C++ SOURCE FILE Test GCC_HAS_STACK_REALIGN failed with the following output:
Change Dir: /home/jhwang/PROJECT/Netgeer/mine/rockchip_app/mpp/temp/CMakeFiles/CMakeTmp

Run Build Command(s):/usr/bin/gmake -f Makefile cmTC_d3437/fast && /usr/bin/gmake  -f CMakeFiles/cmTC_d3437.dir/build.make CMakeFiles/cmTC_d3437.dir/build
gmake[1]: Entering directory '/home/jhwang/PROJECT/Netgeer/mine/rockchip_app/mpp/temp/CMakeFiles/CMakeTmp'
Building CXX object CMakeFiles/cmTC_d3437.dir/src.cxx.o
/opt/amlogic/gcc-linaro-6.3.1-2017.05-x86_64_arm-linux-gnueabi/bin/arm-linux-gnueabi-g++ -DGCC_HAS_STACK_REALIGN  -mstackrealign -o CMakeFiles/cmTC_d3437.dir/src.cxx.o -c /home/jhwang/PROJECT/Netgeer/mine/rockchip_app/mpp/temp/CMakeFiles/CMakeTmp/src.cxx
arm-linux-gnueabi-g++: error: unrecognized command line option '-mstackrealign'
gmake[1]: *** [CMakeFiles/cmTC_d3437.dir/build.make:78: CMakeFiles/cmTC_d3437.dir/src.cxx.o] Error 1
gmake[1]: Leaving directory '/home/jhwang/PROJECT/Netgeer/mine/rockchip_app/mpp/temp/CMakeFiles/CMakeTmp'
gmake: *** [Makefile:127: cmTC_d3437/fast] Error 2


Source file was:
int main() { return 0; }
Performing C SOURCE FILE Test CMAKE_HAVE_LIBC_PTHREAD failed with the following output:
Change Dir: /home/jhwang/PROJECT/Netgeer/mine/rockchip_app/mpp/temp/CMakeFiles/CMakeTmp

Run Build Command(s):/usr/bin/gmake -f Makefile cmTC_46c73/fast && /usr/bin/gmake  -f CMakeFiles/cmTC_46c73.dir/build.make CMakeFiles/cmTC_46c73.dir/build
gmake[1]: Entering directory '/home/jhwang/PROJECT/Netgeer/mine/rockchip_app/mpp/temp/CMakeFiles/CMakeTmp'
Building C object CMakeFiles/cmTC_46c73.dir/src.c.o
/opt/amlogic/gcc-linaro-6.3.1-2017.05-x86_64_arm-linux-gnueabi/bin/arm-linux-gnueabi-gcc -DCMAKE_HAVE_LIBC_PTHREAD   -o CMakeFiles/cmTC_46c73.dir/src.c.o -c /home/jhwang/PROJECT/Netgeer/mine/rockchip_app/mpp/temp/CMakeFiles/CMakeTmp/src.c
Linking C executable cmTC_46c73
/usr/bin/cmake -E cmake_link_script CMakeFiles/cmTC_46c73.dir/link.txt --verbose=1
/opt/amlogic/gcc-linaro-6.3.1-2017.05-x86_64_arm-linux-gnueabi/bin/arm-linux-gnueabi-gcc -rdynamic CMakeFiles/cmTC_46c73.dir/src.c.o -o cmTC_46c73 
CMakeFiles/cmTC_46c73.dir/src.c.o: In function `main':
src.c:(.text+0x28): undefined reference to `pthread_create'
src.c:(.text+0x30): undefined reference to `pthread_detach'
src.c:(.text+0x38): undefined reference to `pthread_cancel'
src.c:(.text+0x42): undefined reference to `pthread_join'
src.c:(.text+0x4c): undefined reference to `pthread_atfork'
collect2: error: ld returned 1 exit status
gmake[1]: *** [CMakeFiles/cmTC_46c73.dir/build.make:99: cmTC_46c73] Error 1
gmake[1]: Leaving directory '/home/jhwang/PROJECT/Netgeer/mine/rockchip_app/mpp/temp/CMakeFiles/CMakeTmp'
gmake: *** [Makefile:127: cmTC_46c73/fast] Error 2


Source file was:
#include <pthread.h>

static void* test_func(void* data)
{
  return data;
}

int main(void)
{
  pthread_t thread;
  pthread_create(&thread, NULL, test_func, NULL);
  pthread_detach(thread);
  pthread_cancel(thread);
  pthread_join(thread, NULL);
  pthread_atfork(NULL, NULL, NULL);
  pthread_exit(NULL);

  return 0;
}

Determining if the function pthread_create exists in the pthreads failed with the following output:
Change Dir: /home/jhwang/PROJECT/Netgeer/mine/rockchip_app/mpp/temp/CMakeFiles/CMakeTmp

Run Build Command(s):/usr/bin/gmake -f Makefile cmTC_34cf8/fast && /usr/bin/gmake  -f CMakeFiles/cmTC_34cf8.dir/build.make CMakeFiles/cmTC_34cf8.dir/build
gmake[1]: Entering directory '/home/jhwang/PROJECT/Netgeer/mine/rockchip_app/mpp/temp/CMakeFiles/CMakeTmp'
Building C object CMakeFiles/cmTC_34cf8.dir/CheckFunctionExists.c.o
/opt/amlogic/gcc-linaro-6.3.1-2017.05-x86_64_arm-linux-gnueabi/bin/arm-linux-gnueabi-gcc   -DCHECK_FUNCTION_EXISTS=pthread_create -o CMakeFiles/cmTC_34cf8.dir/CheckFunctionExists.c.o -c /usr/share/cmake-3.22/Modules/CheckFunctionExists.c
Linking C executable cmTC_34cf8
/usr/bin/cmake -E cmake_link_script CMakeFiles/cmTC_34cf8.dir/link.txt --verbose=1
/opt/amlogic/gcc-linaro-6.3.1-2017.05-x86_64_arm-linux-gnueabi/bin/arm-linux-gnueabi-gcc  -DCHECK_FUNCTION_EXISTS=pthread_create -rdynamic CMakeFiles/cmTC_34cf8.dir/CheckFunctionExists.c.o -o cmTC_34cf8  -lpthreads 
/opt/amlogic/gcc-linaro-6.3.1-2017.05-x86_64_arm-linux-gnueabi/bin/../lib/gcc/arm-linux-gnueabi/6.3.1/../../../../arm-linux-gnueabi/bin/ld: cannot find -lpthreads
collect2: error: ld returned 1 exit status
gmake[1]: *** [CMakeFiles/cmTC_34cf8.dir/build.make:99: cmTC_34cf8] Error 1
gmake[1]: Leaving directory '/home/jhwang/PROJECT/Netgeer/mine/rockchip_app/mpp/temp/CMakeFiles/CMakeTmp'
gmake: *** [Makefile:127: cmTC_34cf8/fast] Error 2



